#
# An unexpected error has occurred (11)
#
Stack:
/lib/x86_64-linux-gnu/libc.so.6(+0x42520) [0x73f8b4242520]
/home/zw/tools/Vivado/2023.2/lib/lnx64.o/librdi_synth.so(HARTOptMux::createPartition(DFGraph*, HARTArray<DFNode*>&)+0x237) [0x73f87e783a57]
/home/zw/tools/Vivado/2023.2/lib/lnx64.o/librdi_synth.so(HARTOptMux::groupMFFC(DFGraph*, HARTArray<DFNode*>&, bool)+0x9d7) [0x73f87e785467]
/home/zw/tools/Vivado/2023.2/lib/lnx64.o/librdi_synth.so(HARTOptMux::groupMuxes(DFGraph*)+0x3c4) [0x73f87e78ab04]
/home/zw/tools/Vivado/2023.2/lib/lnx64.o/librdi_synth.so(HARTHOptPost::optimize()+0x181c) [0x73f87e6fe4bc]
/home/zw/tools/Vivado/2023.2/lib/lnx64.o/librdi_synth.so(HARTHOptDfg::optimizePass2()+0x1ba00) [0x73f87ef0c4d0]
/home/zw/tools/Vivado/2023.2/lib/lnx64.o/librdi_synth.so(HARTNDb::optimizeAndMap()+0x1078) [0x73f87e8466f8]
/home/zw/tools/Vivado/2023.2/lib/lnx64.o/librdi_synth.so(HARTNDb::map()+0x1b) [0x73f87e84704b]
/home/zw/tools/Vivado/2023.2/lib/lnx64.o/librdi_synth.so(+0x14998d3) [0x73f87ea998d3]
/home/zw/tools/Vivado/2023.2/lib/lnx64.o/librdi_synth.so(+0x1321b35) [0x73f87e921b35]
/home/zw/tools/Vivado/2023.2/lib/lnx64.o/libtcl8.5.so(+0x3356f) [0x73f8afe3356f]
/home/zw/tools/Vivado/2023.2/lib/lnx64.o/libtcl8.5.so(+0x34bf8) [0x73f8afe34bf8]
/home/zw/tools/Vivado/2023.2/lib/lnx64.o/libtcl8.5.so(Tcl_EvalEx+0x13) [0x73f8afe35163]
/home/zw/tools/Vivado/2023.2/lib/lnx64.o/libtcl8.5.so(TclEvalObjEx+0x1e0) [0x73f8afe35380]
/home/zw/tools/Vivado/2023.2/lib/lnx64.o/libtcl8.5.so(+0x3b445) [0x73f8afe3b445]
/home/zw/tools/Vivado/2023.2/lib/lnx64.o/libtcl8.5.so(+0x3356f) [0x73f8afe3356f]
/home/zw/tools/Vivado/2023.2/lib/lnx64.o/libtcl8.5.so(+0x76945) [0x73f8afe76945]
/home/zw/tools/Vivado/2023.2/lib/lnx64.o/libtcl8.5.so(+0x7e0f9) [0x73f8afe7e0f9]
/home/zw/tools/Vivado/2023.2/lib/lnx64.o/libtcl8.5.so(TclEvalObjEx+0x76) [0x73f8afe35216]
/home/zw/tools/Vivado/2023.2/lib/lnx64.o/librdi_commontasks.so(+0x261fb1) [0x73f8a8661fb1]
/home/zw/tools/Vivado/2023.2/lib/lnx64.o/libtcl8.5.so(+0x3356f) [0x73f8afe3356f]
/home/zw/tools/Vivado/2023.2/lib/lnx64.o/libtcl8.5.so(+0x76945) [0x73f8afe76945]
/home/zw/tools/Vivado/2023.2/lib/lnx64.o/libtcl8.5.so(TclObjInterpProcCore+0x420) [0x73f8afeb7ed0]
/home/zw/tools/Vivado/2023.2/lib/lnx64.o/libtcl8.5.so(+0x3356f) [0x73f8afe3356f]
/home/zw/tools/Vivado/2023.2/lib/lnx64.o/libtcl8.5.so(+0x76945) [0x73f8afe76945]
/home/zw/tools/Vivado/2023.2/lib/lnx64.o/libtcl8.5.so(+0x7e0f9) [0x73f8afe7e0f9]
/home/zw/tools/Vivado/2023.2/lib/lnx64.o/libtcl8.5.so(TclEvalObjEx+0x76) [0x73f8afe35216]
/home/zw/tools/Vivado/2023.2/lib/lnx64.o/librdi_commontasks.so(+0x261fb1) [0x73f8a8661fb1]
/home/zw/tools/Vivado/2023.2/lib/lnx64.o/libtcl8.5.so(+0x3356f) [0x73f8afe3356f]
/home/zw/tools/Vivado/2023.2/lib/lnx64.o/libtcl8.5.so(+0x76945) [0x73f8afe76945]
/home/zw/tools/Vivado/2023.2/lib/lnx64.o/libtcl8.5.so(Tcl_ExprObj+0xf8) [0x73f8afe7dcd8]
/home/zw/tools/Vivado/2023.2/lib/lnx64.o/libtcl8.5.so(Tcl_ExprBooleanObj+0x16) [0x73f8afe33f56]
/home/zw/tools/Vivado/2023.2/lib/lnx64.o/libtcl8.5.so(+0x3e7ae) [0x73f8afe3e7ae]
/home/zw/tools/Vivado/2023.2/lib/lnx64.o/libtcl8.5.so(+0x3356f) [0x73f8afe3356f]
/home/zw/tools/Vivado/2023.2/lib/lnx64.o/libtcl8.5.so(+0x34bf8) [0x73f8afe34bf8]
/home/zw/tools/Vivado/2023.2/lib/lnx64.o/libtcl8.5.so(Tcl_EvalEx+0x13) [0x73f8afe35163]
/home/zw/tools/Vivado/2023.2/lib/lnx64.o/libtcl8.5.so(Tcl_FSEvalFileEx+0x1da) [0x73f8afe99d2a]
/home/zw/tools/Vivado/2023.2/lib/lnx64.o/librdi_commontasks.so(+0x27e220) [0x73f8a867e220]
/home/zw/tools/Vivado/2023.2/lib/lnx64.o/librdi_common.so(+0xd7d9bf) [0x73f8b5b7d9bf]
/home/zw/tools/Vivado/2023.2/lib/lnx64.o/libtcl8.5.so(+0x3356f) [0x73f8afe3356f]
/home/zw/tools/Vivado/2023.2/lib/lnx64.o/libtcl8.5.so(+0x76945) [0x73f8afe76945]
/home/zw/tools/Vivado/2023.2/lib/lnx64.o/libtcl8.5.so(+0x7e0f9) [0x73f8afe7e0f9]
/home/zw/tools/Vivado/2023.2/lib/lnx64.o/libtcl8.5.so(TclEvalObjEx+0x76) [0x73f8afe35216]
/home/zw/tools/Vivado/2023.2/lib/lnx64.o/libtcl8.5.so(+0xb7637) [0x73f8afeb7637]
/home/zw/tools/Vivado/2023.2/lib/lnx64.o/libtcl8.5.so(+0x3356f) [0x73f8afe3356f]
/home/zw/tools/Vivado/2023.2/lib/lnx64.o/libtcl8.5.so(+0x76945) [0x73f8afe76945]
/home/zw/tools/Vivado/2023.2/lib/lnx64.o/libtcl8.5.so(+0x7e0f9) [0x73f8afe7e0f9]
/home/zw/tools/Vivado/2023.2/lib/lnx64.o/libtcl8.5.so(TclEvalObjEx+0x76) [0x73f8afe35216]
/home/zw/tools/Vivado/2023.2/lib/lnx64.o/librdi_commontasks.so(+0x261f0e) [0x73f8a8661f0e]
/home/zw/tools/Vivado/2023.2/lib/lnx64.o/libtcl8.5.so(+0x3356f) [0x73f8afe3356f]
/home/zw/tools/Vivado/2023.2/lib/lnx64.o/libtcl8.5.so(+0x34bf8) [0x73f8afe34bf8]
/home/zw/tools/Vivado/2023.2/lib/lnx64.o/libtcl8.5.so(+0xad566) [0x73f8afead566]
/home/zw/tools/Vivado/2023.2/lib/lnx64.o/libtcl8.5.so(+0x34785) [0x73f8afe34785]
/home/zw/tools/Vivado/2023.2/lib/lnx64.o/libtcl8.5.so(Tcl_EvalEx+0x13) [0x73f8afe35163]
/home/zw/tools/Vivado/2023.2/lib/lnx64.o/libtcl8.5.so(Tcl_FSEvalFileEx+0x1da) [0x73f8afe99d2a]
/home/zw/tools/Vivado/2023.2/lib/lnx64.o/librdi_commontasks.so(+0x27e220) [0x73f8a867e220]
/home/zw/tools/Vivado/2023.2/lib/lnx64.o/librdi_common.so(+0xd7d9bf) [0x73f8b5b7d9bf]
/home/zw/tools/Vivado/2023.2/lib/lnx64.o/libtcl8.5.so(+0x3356f) [0x73f8afe3356f]
/home/zw/tools/Vivado/2023.2/lib/lnx64.o/libtcl8.5.so(Tcl_EvalObjv+0x32) [0x73f8afe336a2]
/home/zw/tools/Vivado/2023.2/lib/lnx64.o/libtcl8.5.so(TclEvalObjEx+0x322) [0x73f8afe354c2]
/home/zw/tools/Vivado/2023.2/lib/lnx64.o/librdi_common.so(hdi::tcltasks::task_manager::eval_in_tcl(Tcl_Interp*, Tcl_Obj*, char const*, bool)+0x74d) [0x73f8b5b7be1d]
/home/zw/tools/Vivado/2023.2/lib/lnx64.o/librdi_designutils.so(HRTInvoker::inProcessLaunch(HDGUIStatus&)+0x310) [0x73f89e424380]
/home/zw/tools/Vivado/2023.2/lib/lnx64.o/librdi_designutils.so(HRTInvoker::launch(HDGUIStatus&)+0x33) [0x73f89e424933]
/home/zw/tools/Vivado/2023.2/lib/lnx64.o/librdi_vivadotasks.so(+0x70211c) [0x73f87810211c]
/home/zw/tools/Vivado/2023.2/lib/lnx64.o/librdi_vivadotasks.so(+0x70b832) [0x73f87810b832]
/home/zw/tools/Vivado/2023.2/lib/lnx64.o/librdi_common.so(+0xd7d9bf) [0x73f8b5b7d9bf]
/home/zw/tools/Vivado/2023.2/lib/lnx64.o/libtcl8.5.so(+0x3356f) [0x73f8afe3356f]
/home/zw/tools/Vivado/2023.2/lib/lnx64.o/libtcl8.5.so(+0x76945) [0x73f8afe76945]
/home/zw/tools/Vivado/2023.2/lib/lnx64.o/libtcl8.5.so(+0x7e0f9) [0x73f8afe7e0f9]
/home/zw/tools/Vivado/2023.2/lib/lnx64.o/libtcl8.5.so(TclEvalObjEx+0x76) [0x73f8afe35216]
/home/zw/tools/Vivado/2023.2/lib/lnx64.o/libtcl8.5.so(Tcl_RecordAndEvalObj+0x143) [0x73f8afe83bd3]
/home/zw/tools/Vivado/2023.2/lib/lnx64.o/librdi_commontasks.so(+0x2fc369) [0x73f8a86fc369]
/home/zw/tools/Vivado/2023.2/lib/lnx64.o/libtcl8.5.so(Tcl_Main+0x620) [0x73f8afea0740]
/home/zw/tools/Vivado/2023.2/lib/lnx64.o/librdi_common.so(+0xda6f7b) [0x73f8b5ba6f7b]
/lib/x86_64-linux-gnu/libc.so.6(+0x94ac3) [0x73f8b4294ac3]
/lib/x86_64-linux-gnu/libc.so.6(+0x126850) [0x73f8b4326850]
