#
# An unexpected error has occurred (11)
#
Stack:
/lib/x86_64-linux-gnu/libc.so.6(+0x42520) [0x7d749ea42520]
/home/zw/tools/Vivado/2023.2/lib/lnx64.o/librdi_synth.so(HARTOptMux::groupMFFC(DFGraph*, HARTArray<DFNode*>&, bool)+0x4fb) [0x7d7468f84f8b]
/home/zw/tools/Vivado/2023.2/lib/lnx64.o/librdi_synth.so(HARTOptMux::groupMuxes(DFGraph*)+0x3c4) [0x7d7468f8ab04]
/home/zw/tools/Vivado/2023.2/lib/lnx64.o/librdi_synth.so(HARTHOptPost::optimize()+0x181c) [0x7d7468efe4bc]
/home/zw/tools/Vivado/2023.2/lib/lnx64.o/librdi_synth.so(HARTHOptDfg::optimizePass2()+0x1ba00) [0x7d746970c4d0]
/home/zw/tools/Vivado/2023.2/lib/lnx64.o/librdi_synth.so(HARTNDb::optimizeAndMap()+0x1078) [0x7d74690466f8]
/home/zw/tools/Vivado/2023.2/lib/lnx64.o/librdi_synth.so(HARTNDb::map()+0x1b) [0x7d746904704b]
/home/zw/tools/Vivado/2023.2/lib/lnx64.o/librdi_synth.so(+0x14998d3) [0x7d74692998d3]
/home/zw/tools/Vivado/2023.2/lib/lnx64.o/librdi_synth.so(+0x1321b35) [0x7d7469121b35]
/home/zw/tools/Vivado/2023.2/lib/lnx64.o/libtcl8.5.so(+0x3356f) [0x7d749a63356f]
/home/zw/tools/Vivado/2023.2/lib/lnx64.o/libtcl8.5.so(+0x34bf8) [0x7d749a634bf8]
/home/zw/tools/Vivado/2023.2/lib/lnx64.o/libtcl8.5.so(Tcl_EvalEx+0x13) [0x7d749a635163]
/home/zw/tools/Vivado/2023.2/lib/lnx64.o/libtcl8.5.so(TclEvalObjEx+0x1e0) [0x7d749a635380]
/home/zw/tools/Vivado/2023.2/lib/lnx64.o/libtcl8.5.so(+0x3b445) [0x7d749a63b445]
/home/zw/tools/Vivado/2023.2/lib/lnx64.o/libtcl8.5.so(+0x3356f) [0x7d749a63356f]
/home/zw/tools/Vivado/2023.2/lib/lnx64.o/libtcl8.5.so(+0x76945) [0x7d749a676945]
/home/zw/tools/Vivado/2023.2/lib/lnx64.o/libtcl8.5.so(+0x7e0f9) [0x7d749a67e0f9]
/home/zw/tools/Vivado/2023.2/lib/lnx64.o/libtcl8.5.so(TclEvalObjEx+0x76) [0x7d749a635216]
/home/zw/tools/Vivado/2023.2/lib/lnx64.o/librdi_commontasks.so(+0x261fb1) [0x7d7492e61fb1]
/home/zw/tools/Vivado/2023.2/lib/lnx64.o/libtcl8.5.so(+0x3356f) [0x7d749a63356f]
/home/zw/tools/Vivado/2023.2/lib/lnx64.o/libtcl8.5.so(+0x76945) [0x7d749a676945]
/home/zw/tools/Vivado/2023.2/lib/lnx64.o/libtcl8.5.so(TclObjInterpProcCore+0x420) [0x7d749a6b7ed0]
/home/zw/tools/Vivado/2023.2/lib/lnx64.o/libtcl8.5.so(+0x3356f) [0x7d749a63356f]
/home/zw/tools/Vivado/2023.2/lib/lnx64.o/libtcl8.5.so(+0x76945) [0x7d749a676945]
/home/zw/tools/Vivado/2023.2/lib/lnx64.o/libtcl8.5.so(+0x7e0f9) [0x7d749a67e0f9]
/home/zw/tools/Vivado/2023.2/lib/lnx64.o/libtcl8.5.so(TclEvalObjEx+0x76) [0x7d749a635216]
/home/zw/tools/Vivado/2023.2/lib/lnx64.o/librdi_commontasks.so(+0x261fb1) [0x7d7492e61fb1]
/home/zw/tools/Vivado/2023.2/lib/lnx64.o/libtcl8.5.so(+0x3356f) [0x7d749a63356f]
/home/zw/tools/Vivado/2023.2/lib/lnx64.o/libtcl8.5.so(+0x76945) [0x7d749a676945]
/home/zw/tools/Vivado/2023.2/lib/lnx64.o/libtcl8.5.so(Tcl_ExprObj+0xf8) [0x7d749a67dcd8]
/home/zw/tools/Vivado/2023.2/lib/lnx64.o/libtcl8.5.so(Tcl_ExprBooleanObj+0x16) [0x7d749a633f56]
/home/zw/tools/Vivado/2023.2/lib/lnx64.o/libtcl8.5.so(+0x3e7ae) [0x7d749a63e7ae]
/home/zw/tools/Vivado/2023.2/lib/lnx64.o/libtcl8.5.so(+0x3356f) [0x7d749a63356f]
/home/zw/tools/Vivado/2023.2/lib/lnx64.o/libtcl8.5.so(+0x34bf8) [0x7d749a634bf8]
/home/zw/tools/Vivado/2023.2/lib/lnx64.o/libtcl8.5.so(Tcl_EvalEx+0x13) [0x7d749a635163]
/home/zw/tools/Vivado/2023.2/lib/lnx64.o/libtcl8.5.so(Tcl_FSEvalFileEx+0x1da) [0x7d749a699d2a]
/home/zw/tools/Vivado/2023.2/lib/lnx64.o/librdi_commontasks.so(+0x27e220) [0x7d7492e7e220]
/home/zw/tools/Vivado/2023.2/lib/lnx64.o/librdi_common.so(+0xd7d9bf) [0x7d74a037d9bf]
/home/zw/tools/Vivado/2023.2/lib/lnx64.o/libtcl8.5.so(+0x3356f) [0x7d749a63356f]
/home/zw/tools/Vivado/2023.2/lib/lnx64.o/libtcl8.5.so(+0x76945) [0x7d749a676945]
/home/zw/tools/Vivado/2023.2/lib/lnx64.o/libtcl8.5.so(+0x7e0f9) [0x7d749a67e0f9]
/home/zw/tools/Vivado/2023.2/lib/lnx64.o/libtcl8.5.so(TclEvalObjEx+0x76) [0x7d749a635216]
/home/zw/tools/Vivado/2023.2/lib/lnx64.o/libtcl8.5.so(+0xb7637) [0x7d749a6b7637]
/home/zw/tools/Vivado/2023.2/lib/lnx64.o/libtcl8.5.so(+0x3356f) [0x7d749a63356f]
/home/zw/tools/Vivado/2023.2/lib/lnx64.o/libtcl8.5.so(+0x76945) [0x7d749a676945]
/home/zw/tools/Vivado/2023.2/lib/lnx64.o/libtcl8.5.so(+0x7e0f9) [0x7d749a67e0f9]
/home/zw/tools/Vivado/2023.2/lib/lnx64.o/libtcl8.5.so(TclEvalObjEx+0x76) [0x7d749a635216]
/home/zw/tools/Vivado/2023.2/lib/lnx64.o/librdi_commontasks.so(+0x261f0e) [0x7d7492e61f0e]
/home/zw/tools/Vivado/2023.2/lib/lnx64.o/libtcl8.5.so(+0x3356f) [0x7d749a63356f]
/home/zw/tools/Vivado/2023.2/lib/lnx64.o/libtcl8.5.so(+0x34bf8) [0x7d749a634bf8]
/home/zw/tools/Vivado/2023.2/lib/lnx64.o/libtcl8.5.so(+0xad566) [0x7d749a6ad566]
/home/zw/tools/Vivado/2023.2/lib/lnx64.o/libtcl8.5.so(+0x34785) [0x7d749a634785]
/home/zw/tools/Vivado/2023.2/lib/lnx64.o/libtcl8.5.so(Tcl_EvalEx+0x13) [0x7d749a635163]
/home/zw/tools/Vivado/2023.2/lib/lnx64.o/libtcl8.5.so(Tcl_FSEvalFileEx+0x1da) [0x7d749a699d2a]
/home/zw/tools/Vivado/2023.2/lib/lnx64.o/librdi_commontasks.so(+0x27e220) [0x7d7492e7e220]
/home/zw/tools/Vivado/2023.2/lib/lnx64.o/librdi_common.so(+0xd7d9bf) [0x7d74a037d9bf]
/home/zw/tools/Vivado/2023.2/lib/lnx64.o/libtcl8.5.so(+0x3356f) [0x7d749a63356f]
/home/zw/tools/Vivado/2023.2/lib/lnx64.o/libtcl8.5.so(Tcl_EvalObjv+0x32) [0x7d749a6336a2]
/home/zw/tools/Vivado/2023.2/lib/lnx64.o/libtcl8.5.so(TclEvalObjEx+0x322) [0x7d749a6354c2]
/home/zw/tools/Vivado/2023.2/lib/lnx64.o/librdi_common.so(hdi::tcltasks::task_manager::eval_in_tcl(Tcl_Interp*, Tcl_Obj*, char const*, bool)+0x74d) [0x7d74a037be1d]
/home/zw/tools/Vivado/2023.2/lib/lnx64.o/librdi_designutils.so(HRTInvoker::inProcessLaunch(HDGUIStatus&)+0x310) [0x7d7488c24380]
/home/zw/tools/Vivado/2023.2/lib/lnx64.o/librdi_designutils.so(HRTInvoker::launch(HDGUIStatus&)+0x33) [0x7d7488c24933]
/home/zw/tools/Vivado/2023.2/lib/lnx64.o/librdi_vivadotasks.so(+0x70211c) [0x7d746290211c]
/home/zw/tools/Vivado/2023.2/lib/lnx64.o/librdi_vivadotasks.so(+0x70b832) [0x7d746290b832]
/home/zw/tools/Vivado/2023.2/lib/lnx64.o/librdi_common.so(+0xd7d9bf) [0x7d74a037d9bf]
/home/zw/tools/Vivado/2023.2/lib/lnx64.o/libtcl8.5.so(+0x3356f) [0x7d749a63356f]
/home/zw/tools/Vivado/2023.2/lib/lnx64.o/libtcl8.5.so(+0x76945) [0x7d749a676945]
/home/zw/tools/Vivado/2023.2/lib/lnx64.o/libtcl8.5.so(+0x7e0f9) [0x7d749a67e0f9]
/home/zw/tools/Vivado/2023.2/lib/lnx64.o/libtcl8.5.so(TclEvalObjEx+0x76) [0x7d749a635216]
/home/zw/tools/Vivado/2023.2/lib/lnx64.o/libtcl8.5.so(Tcl_RecordAndEvalObj+0x143) [0x7d749a683bd3]
/home/zw/tools/Vivado/2023.2/lib/lnx64.o/librdi_commontasks.so(+0x2fc369) [0x7d7492efc369]
/home/zw/tools/Vivado/2023.2/lib/lnx64.o/libtcl8.5.so(Tcl_Main+0x620) [0x7d749a6a0740]
/home/zw/tools/Vivado/2023.2/lib/lnx64.o/librdi_common.so(+0xda6f7b) [0x7d74a03a6f7b]
/lib/x86_64-linux-gnu/libc.so.6(+0x94ac3) [0x7d749ea94ac3]
/lib/x86_64-linux-gnu/libc.so.6(+0x126850) [0x7d749eb26850]
