#
# An unexpected error has occurred (6)
#
Stack:
/lib/x86_64-linux-gnu/libc.so.6(+0x42520) [0x7faaeb442520]
/lib/x86_64-linux-gnu/libc.so.6(pthread_kill+0x12c) [0x7faaeb4969fc]
/lib/x86_64-linux-gnu/libc.so.6(raise+0x16) [0x7faaeb442476]
/lib/x86_64-linux-gnu/libc.so.6(abort+0xd3) [0x7faaeb4287f3]
/media/user/data/wz/vhls232/Vivado/2023.2/lib/lnx64.o/libtcl8.5.so(Tcl_PanicVA+0x10e) [0x7faae70aaa8e]
/media/user/data/wz/vhls232/Vivado/2023.2/lib/lnx64.o/libtcl8.5.so(Tcl_Panic+0x8c) [0x7faae70aab9c]
/media/user/data/wz/vhls232/Vivado/2023.2/lib/lnx64.o/libtcl8.5.so(TclStackFree+0x49) [0x7faae7074fb9]
/media/user/data/wz/vhls232/Vivado/2023.2/lib/lnx64.o/libtcl8.5.so(+0x7600b) [0x7faae707600b]
/media/user/data/wz/vhls232/Vivado/2023.2/lib/lnx64.o/libtcl8.5.so(+0x7e0f9) [0x7faae707e0f9]
/media/user/data/wz/vhls232/Vivado/2023.2/lib/lnx64.o/libtcl8.5.so(TclEvalObjEx+0x76) [0x7faae7035216]
/media/user/data/wz/vhls232/Vivado/2023.2/lib/lnx64.o/libtcl8.5.so(+0xb7637) [0x7faae70b7637]
/media/user/data/wz/vhls232/Vivado/2023.2/lib/lnx64.o/libtcl8.5.so(+0x3356f) [0x7faae703356f]
/media/user/data/wz/vhls232/Vivado/2023.2/lib/lnx64.o/libtcl8.5.so(+0x76945) [0x7faae7076945]
/media/user/data/wz/vhls232/Vivado/2023.2/lib/lnx64.o/libtcl8.5.so(+0x7e0f9) [0x7faae707e0f9]
/media/user/data/wz/vhls232/Vivado/2023.2/lib/lnx64.o/libtcl8.5.so(TclEvalObjEx+0x76) [0x7faae7035216]
/media/user/data/wz/vhls232/Vivado/2023.2/lib/lnx64.o/librdi_commontasks.so(+0x261f0e) [0x7faadf661f0e]
/media/user/data/wz/vhls232/Vivado/2023.2/lib/lnx64.o/libtcl8.5.so(+0x3356f) [0x7faae703356f]
/media/user/data/wz/vhls232/Vivado/2023.2/lib/lnx64.o/libtcl8.5.so(+0x34bf8) [0x7faae7034bf8]
/media/user/data/wz/vhls232/Vivado/2023.2/lib/lnx64.o/libtcl8.5.so(+0xad566) [0x7faae70ad566]
/media/user/data/wz/vhls232/Vivado/2023.2/lib/lnx64.o/libtcl8.5.so(+0x34785) [0x7faae7034785]
/media/user/data/wz/vhls232/Vivado/2023.2/lib/lnx64.o/libtcl8.5.so(Tcl_EvalEx+0x13) [0x7faae7035163]
/media/user/data/wz/vhls232/Vivado/2023.2/lib/lnx64.o/libtcl8.5.so(Tcl_FSEvalFileEx+0x1da) [0x7faae7099d2a]
/media/user/data/wz/vhls232/Vivado/2023.2/lib/lnx64.o/librdi_commontasks.so(+0x27e220) [0x7faadf67e220]
/media/user/data/wz/vhls232/Vivado/2023.2/lib/lnx64.o/librdi_common.so(+0xd7d9bf) [0x7faaecd7d9bf]
/media/user/data/wz/vhls232/Vivado/2023.2/lib/lnx64.o/libtcl8.5.so(+0x3356f) [0x7faae703356f]
/media/user/data/wz/vhls232/Vivado/2023.2/lib/lnx64.o/libtcl8.5.so(Tcl_EvalObjv+0x32) [0x7faae70336a2]
/media/user/data/wz/vhls232/Vivado/2023.2/lib/lnx64.o/libtcl8.5.so(TclEvalObjEx+0x322) [0x7faae70354c2]
/media/user/data/wz/vhls232/Vivado/2023.2/lib/lnx64.o/librdi_common.so(hdi::tcltasks::task_manager::eval_in_tcl(Tcl_Interp*, Tcl_Obj*, char const*, bool)+0x74d) [0x7faaecd7be1d]
/media/user/data/wz/vhls232/Vivado/2023.2/lib/lnx64.o/librdi_designutils.so(HRTInvoker::inProcessLaunch(HDGUIStatus&)+0x310) [0x7faad5424380]
/media/user/data/wz/vhls232/Vivado/2023.2/lib/lnx64.o/librdi_designutils.so(HRTInvoker::launch(HDGUIStatus&)+0x33) [0x7faad5424933]
/media/user/data/wz/vhls232/Vivado/2023.2/lib/lnx64.o/librdi_vivadotasks.so(+0x70211c) [0x7faaaf10211c]
/media/user/data/wz/vhls232/Vivado/2023.2/lib/lnx64.o/librdi_vivadotasks.so(+0x70b832) [0x7faaaf10b832]
/media/user/data/wz/vhls232/Vivado/2023.2/lib/lnx64.o/librdi_common.so(+0xd7d9bf) [0x7faaecd7d9bf]
/media/user/data/wz/vhls232/Vivado/2023.2/lib/lnx64.o/libtcl8.5.so(+0x3356f) [0x7faae703356f]
/media/user/data/wz/vhls232/Vivado/2023.2/lib/lnx64.o/libtcl8.5.so(+0x34bf8) [0x7faae7034bf8]
/media/user/data/wz/vhls232/Vivado/2023.2/lib/lnx64.o/libtcl8.5.so(Tcl_EvalEx+0x13) [0x7faae7035163]
/media/user/data/wz/vhls232/Vivado/2023.2/lib/lnx64.o/libtcl8.5.so(Tcl_FSEvalFileEx+0x1da) [0x7faae7099d2a]
/media/user/data/wz/vhls232/Vivado/2023.2/lib/lnx64.o/librdi_commontasks.so(+0x27e220) [0x7faadf67e220]
/media/user/data/wz/vhls232/Vivado/2023.2/lib/lnx64.o/librdi_common.so(+0xd7d9bf) [0x7faaecd7d9bf]
/media/user/data/wz/vhls232/Vivado/2023.2/lib/lnx64.o/libtcl8.5.so(+0x3356f) [0x7faae703356f]
/media/user/data/wz/vhls232/Vivado/2023.2/lib/lnx64.o/libtcl8.5.so(Tcl_EvalObjv+0x32) [0x7faae70336a2]
/media/user/data/wz/vhls232/Vivado/2023.2/lib/lnx64.o/libtcl8.5.so(TclEvalObjEx+0x322) [0x7faae70354c2]
/media/user/data/wz/vhls232/Vivado/2023.2/lib/lnx64.o/librdi_commontasks.so(+0x2c5b6d) [0x7faadf6c5b6d]
/media/user/data/wz/vhls232/Vivado/2023.2/lib/lnx64.o/librdi_commontasks.so(+0x2c717f) [0x7faadf6c717f]
/media/user/data/wz/vhls232/Vivado/2023.2/lib/lnx64.o/librdi_common.so(+0xd7d9bf) [0x7faaecd7d9bf]
/media/user/data/wz/vhls232/Vivado/2023.2/lib/lnx64.o/libtcl8.5.so(+0x3356f) [0x7faae703356f]
/media/user/data/wz/vhls232/Vivado/2023.2/lib/lnx64.o/libtcl8.5.so(Tcl_EvalObjv+0x32) [0x7faae70336a2]
/media/user/data/wz/vhls232/Vivado/2023.2/lib/lnx64.o/libtcl8.5.so(TclEvalObjEx+0x322) [0x7faae70354c2]
/media/user/data/wz/vhls232/Vivado/2023.2/lib/lnx64.o/librdi_commonmain.so(+0xe752) [0x7faaedbb7752]
/media/user/data/wz/vhls232/Vivado/2023.2/lib/lnx64.o/libtcl8.5.so(Tcl_Main+0x1d0) [0x7faae70a02f0]
/media/user/data/wz/vhls232/Vivado/2023.2/lib/lnx64.o/librdi_common.so(+0xda6f7b) [0x7faaecda6f7b]
/lib/x86_64-linux-gnu/libc.so.6(+0x94ac3) [0x7faaeb494ac3]
/lib/x86_64-linux-gnu/libc.so.6(+0x126850) [0x7faaeb526850]
