#
# An unexpected error has occurred (11)
#
Stack:
/lib/x86_64-linux-gnu/libc.so.6(+0x42520) [0x7c7df5042520]
/home/zw/tools/Vivado/2023.2/lib/lnx64.o/librdi_synth.so(HOptGenControl::areadInSource(DFPin*, UHashSet<DFNode*, DFNode*, UEKey<DFNode*>, UHashSetNode<DFNode*>, DFNode*, UEValue<DFNode*, UHashSetNode<DFNode*> > >&)+0x117) [0x7c7dc062f717]
/home/zw/tools/Vivado/2023.2/lib/lnx64.o/librdi_synth.so(HOptGenControl::areadInSource(DFPin*, UHashSet<DFNode*, DFNode*, UEKey<DFNode*>, UHashSetNode<DFNode*>, DFNode*, UEValue<DFNode*, UHashSetNode<DFNode*> > >&)+0x1cd) [0x7c7dc062f7cd]
/home/zw/tools/Vivado/2023.2/lib/lnx64.o/librdi_synth.so(HOptGenControl::areadInSource(DFPin*, UHashSet<DFNode*, DFNode*, UEKey<DFNode*>, UHashSetNode<DFNode*>, DFNode*, UEValue<DFNode*, UHashSetNode<DFNode*> > >&)+0x1cd) [0x7c7dc062f7cd]
/home/zw/tools/Vivado/2023.2/lib/lnx64.o/librdi_synth.so(HOptGenControl::areadInSource(DFPin*, UHashSet<DFNode*, DFNode*, UEKey<DFNode*>, UHashSetNode<DFNode*>, DFNode*, UEValue<DFNode*, UHashSetNode<DFNode*> > >&)+0x1cd) [0x7c7dc062f7cd]
/home/zw/tools/Vivado/2023.2/lib/lnx64.o/librdi_synth.so(HOptGenControl::areadInSource(DFPin*, UHashSet<DFNode*, DFNode*, UEKey<DFNode*>, UHashSetNode<DFNode*>, DFNode*, UEValue<DFNode*, UHashSetNode<DFNode*> > >&)+0x1cd) [0x7c7dc062f7cd]
/home/zw/tools/Vivado/2023.2/lib/lnx64.o/librdi_synth.so(HOptGenControl::areadInSource(DFPin*, UHashSet<DFNode*, DFNode*, UEKey<DFNode*>, UHashSetNode<DFNode*>, DFNode*, UEValue<DFNode*, UHashSetNode<DFNode*> > >&)+0x1cd) [0x7c7dc062f7cd]
/home/zw/tools/Vivado/2023.2/lib/lnx64.o/librdi_synth.so(HOptGenControl::extractSyncRSForWireOrMerge(DFGraph*, DFNode*, URange const&, DFEdge*, DFPin**, UConst*, int, UConst*, int, bool, DFPin*&, UHashSet<DFNode*, DFNode*, UEKey<DFNode*>, UHashSetNode<DFNode*>, DFNode*, UEValue<DFNode*, UHashSetNode<DFNode*> > >&, bool)+0x365) [0x7c7dc06313d5]
/home/zw/tools/Vivado/2023.2/lib/lnx64.o/librdi_synth.so(HOptGenControl::extractSyncRS(DFGraph*, DFPin*, URange const&, DFPin**, UConst*, int, UConst*, int, bool, UConst*, DFPin*&, UHashSet<DFNode*, DFNode*, UEKey<DFNode*>, UHashSetNode<DFNode*>, DFNode*, UEValue<DFNode*, UHashSetNode<DFNode*> > >&, bool)+0x143) [0x7c7dc0632e93]
/home/zw/tools/Vivado/2023.2/lib/lnx64.o/librdi_synth.so(HOptGenControl::extractSyncRS()+0x7ea) [0x7c7dc06338ea]
/home/zw/tools/Vivado/2023.2/lib/lnx64.o/librdi_synth.so(HOptGenControl::genControlForReg(UList<DFEdge*, UListNode<DFEdge*>, DFEdge*, UEValue<DFEdge*, UListNode<DFEdge*> > >&, bool)+0x11d6) [0x7c7dc06275c6]
/home/zw/tools/Vivado/2023.2/lib/lnx64.o/librdi_synth.so(HOptDfg::genControl(DFGraph*, DFGraph*)+0x8d6) [0x7c7dc0629666]
/home/zw/tools/Vivado/2023.2/lib/lnx64.o/librdi_synth.so(HARTHOptDfg::optimizePass1()+0x1ce1d) [0x7c7dbfcc9add]
/home/zw/tools/Vivado/2023.2/lib/lnx64.o/librdi_synth.so(HARTNDb::dfgOptPass1Recur(DFGraph*, NRealMod, DFNode*, UHashSet<DFGraph*, DFGraph*, UEKey<DFGraph*>, UHashSetNode<DFGraph*>, DFGraph*, UEValue<DFGraph*, UHashSetNode<DFGraph*> > >&, UHashSet<DFGraph*, DFGraph*, UEKey<DFGraph*>, UHashSetNode<DFGraph*>, DFGraph*, UEValue<DFGraph*, UHashSetNode<DFGraph*> > >&)+0x3fd) [0x7c7dbf6ae03d]
/home/zw/tools/Vivado/2023.2/lib/lnx64.o/librdi_synth.so(HARTNDb::dfgOptPass1Recur(DFGraph*, NRealMod, DFNode*, UHashSet<DFGraph*, DFGraph*, UEKey<DFGraph*>, UHashSetNode<DFGraph*>, DFGraph*, UEValue<DFGraph*, UHashSetNode<DFGraph*> > >&, UHashSet<DFGraph*, DFGraph*, UEKey<DFGraph*>, UHashSetNode<DFGraph*>, DFGraph*, UEValue<DFGraph*, UHashSetNode<DFGraph*> > >&)+0x14c) [0x7c7dbf6add8c]
/home/zw/tools/Vivado/2023.2/lib/lnx64.o/librdi_synth.so(HARTNDb::sequentialDFGOptPass1()+0x7d) [0x7c7dbf6ae84d]
/home/zw/tools/Vivado/2023.2/lib/lnx64.o/librdi_synth.so(HARTNDb::processParallelDFGOptPass1(UString const&)+0x190) [0x7c7dbf6aeb80]
/home/zw/tools/Vivado/2023.2/lib/lnx64.o/librdi_synth.so(HARTNDb::elaborate(UString const&, bool, bool, char const*)+0x14b) [0x7c7dbf617ccb]
/home/zw/tools/Vivado/2023.2/lib/lnx64.o/librdi_synth.so(HARTNDb::synthesize(UString const&, bool, bool, char const*)+0x275) [0x7c7dbf6472e5]
/home/zw/tools/Vivado/2023.2/lib/lnx64.o/librdi_synth.so(+0x13c91fb) [0x7c7dbf7c91fb]
/home/zw/tools/Vivado/2023.2/lib/lnx64.o/librdi_synth.so(+0x13c93c3) [0x7c7dbf7c93c3]
/home/zw/tools/Vivado/2023.2/lib/lnx64.o/librdi_synth.so(+0x1321b35) [0x7c7dbf721b35]
/home/zw/tools/Vivado/2023.2/lib/lnx64.o/libtcl8.5.so(+0x3356f) [0x7c7df0c3356f]
/home/zw/tools/Vivado/2023.2/lib/lnx64.o/libtcl8.5.so(+0x76945) [0x7c7df0c76945]
/home/zw/tools/Vivado/2023.2/lib/lnx64.o/libtcl8.5.so(TclObjInterpProcCore+0x420) [0x7c7df0cb7ed0]
/home/zw/tools/Vivado/2023.2/lib/lnx64.o/libtcl8.5.so(+0x3356f) [0x7c7df0c3356f]
/home/zw/tools/Vivado/2023.2/lib/lnx64.o/libtcl8.5.so(+0x34bf8) [0x7c7df0c34bf8]
/home/zw/tools/Vivado/2023.2/lib/lnx64.o/libtcl8.5.so(Tcl_EvalEx+0x13) [0x7c7df0c35163]
/home/zw/tools/Vivado/2023.2/lib/lnx64.o/libtcl8.5.so(TclEvalObjEx+0x1e0) [0x7c7df0c35380]
/home/zw/tools/Vivado/2023.2/lib/lnx64.o/libtcl8.5.so(+0x3b445) [0x7c7df0c3b445]
/home/zw/tools/Vivado/2023.2/lib/lnx64.o/libtcl8.5.so(+0x3356f) [0x7c7df0c3356f]
/home/zw/tools/Vivado/2023.2/lib/lnx64.o/libtcl8.5.so(+0x76945) [0x7c7df0c76945]
/home/zw/tools/Vivado/2023.2/lib/lnx64.o/libtcl8.5.so(+0x7e0f9) [0x7c7df0c7e0f9]
/home/zw/tools/Vivado/2023.2/lib/lnx64.o/libtcl8.5.so(TclEvalObjEx+0x76) [0x7c7df0c35216]
/home/zw/tools/Vivado/2023.2/lib/lnx64.o/librdi_commontasks.so(+0x261fb1) [0x7c7de9461fb1]
/home/zw/tools/Vivado/2023.2/lib/lnx64.o/libtcl8.5.so(+0x3356f) [0x7c7df0c3356f]
/home/zw/tools/Vivado/2023.2/lib/lnx64.o/libtcl8.5.so(+0x76945) [0x7c7df0c76945]
/home/zw/tools/Vivado/2023.2/lib/lnx64.o/libtcl8.5.so(TclObjInterpProcCore+0x420) [0x7c7df0cb7ed0]
/home/zw/tools/Vivado/2023.2/lib/lnx64.o/libtcl8.5.so(+0x3356f) [0x7c7df0c3356f]
/home/zw/tools/Vivado/2023.2/lib/lnx64.o/libtcl8.5.so(+0x76945) [0x7c7df0c76945]
/home/zw/tools/Vivado/2023.2/lib/lnx64.o/libtcl8.5.so(+0x7e0f9) [0x7c7df0c7e0f9]
/home/zw/tools/Vivado/2023.2/lib/lnx64.o/libtcl8.5.so(TclEvalObjEx+0x76) [0x7c7df0c35216]
/home/zw/tools/Vivado/2023.2/lib/lnx64.o/libtcl8.5.so(+0xb7637) [0x7c7df0cb7637]
/home/zw/tools/Vivado/2023.2/lib/lnx64.o/libtcl8.5.so(+0x3356f) [0x7c7df0c3356f]
/home/zw/tools/Vivado/2023.2/lib/lnx64.o/libtcl8.5.so(+0x76945) [0x7c7df0c76945]
/home/zw/tools/Vivado/2023.2/lib/lnx64.o/libtcl8.5.so(+0x7e0f9) [0x7c7df0c7e0f9]
/home/zw/tools/Vivado/2023.2/lib/lnx64.o/libtcl8.5.so(TclEvalObjEx+0x76) [0x7c7df0c35216]
/home/zw/tools/Vivado/2023.2/lib/lnx64.o/librdi_commontasks.so(+0x261f0e) [0x7c7de9461f0e]
/home/zw/tools/Vivado/2023.2/lib/lnx64.o/libtcl8.5.so(+0x3356f) [0x7c7df0c3356f]
/home/zw/tools/Vivado/2023.2/lib/lnx64.o/libtcl8.5.so(+0x34bf8) [0x7c7df0c34bf8]
/home/zw/tools/Vivado/2023.2/lib/lnx64.o/libtcl8.5.so(+0xad566) [0x7c7df0cad566]
/home/zw/tools/Vivado/2023.2/lib/lnx64.o/libtcl8.5.so(+0x34785) [0x7c7df0c34785]
/home/zw/tools/Vivado/2023.2/lib/lnx64.o/libtcl8.5.so(Tcl_EvalEx+0x13) [0x7c7df0c35163]
/home/zw/tools/Vivado/2023.2/lib/lnx64.o/libtcl8.5.so(Tcl_FSEvalFileEx+0x1da) [0x7c7df0c99d2a]
/home/zw/tools/Vivado/2023.2/lib/lnx64.o/librdi_commontasks.so(+0x27e220) [0x7c7de947e220]
/home/zw/tools/Vivado/2023.2/lib/lnx64.o/librdi_common.so(+0xd7d9bf) [0x7c7df697d9bf]
/home/zw/tools/Vivado/2023.2/lib/lnx64.o/libtcl8.5.so(+0x3356f) [0x7c7df0c3356f]
/home/zw/tools/Vivado/2023.2/lib/lnx64.o/libtcl8.5.so(Tcl_EvalObjv+0x32) [0x7c7df0c336a2]
/home/zw/tools/Vivado/2023.2/lib/lnx64.o/libtcl8.5.so(TclEvalObjEx+0x322) [0x7c7df0c354c2]
/home/zw/tools/Vivado/2023.2/lib/lnx64.o/librdi_common.so(hdi::tcltasks::task_manager::eval_in_tcl(Tcl_Interp*, Tcl_Obj*, char const*, bool)+0x74d) [0x7c7df697be1d]
/home/zw/tools/Vivado/2023.2/lib/lnx64.o/librdi_designutils.so(HRTInvoker::inProcessLaunch(HDGUIStatus&)+0x310) [0x7c7ddf224380]
/home/zw/tools/Vivado/2023.2/lib/lnx64.o/librdi_designutils.so(HRTInvoker::launch(HDGUIStatus&)+0x33) [0x7c7ddf224933]
/home/zw/tools/Vivado/2023.2/lib/lnx64.o/librdi_vivadotasks.so(+0x70211c) [0x7c7db7f0211c]
/home/zw/tools/Vivado/2023.2/lib/lnx64.o/librdi_vivadotasks.so(+0x70b832) [0x7c7db7f0b832]
/home/zw/tools/Vivado/2023.2/lib/lnx64.o/librdi_common.so(+0xd7d9bf) [0x7c7df697d9bf]
/home/zw/tools/Vivado/2023.2/lib/lnx64.o/libtcl8.5.so(+0x3356f) [0x7c7df0c3356f]
/home/zw/tools/Vivado/2023.2/lib/lnx64.o/libtcl8.5.so(+0x76945) [0x7c7df0c76945]
/home/zw/tools/Vivado/2023.2/lib/lnx64.o/libtcl8.5.so(+0x7e0f9) [0x7c7df0c7e0f9]
/home/zw/tools/Vivado/2023.2/lib/lnx64.o/libtcl8.5.so(TclEvalObjEx+0x76) [0x7c7df0c35216]
/home/zw/tools/Vivado/2023.2/lib/lnx64.o/libtcl8.5.so(Tcl_RecordAndEvalObj+0x143) [0x7c7df0c83bd3]
/home/zw/tools/Vivado/2023.2/lib/lnx64.o/librdi_commontasks.so(+0x2fc369) [0x7c7de94fc369]
/home/zw/tools/Vivado/2023.2/lib/lnx64.o/libtcl8.5.so(Tcl_Main+0x620) [0x7c7df0ca0740]
/home/zw/tools/Vivado/2023.2/lib/lnx64.o/librdi_common.so(+0xda6f7b) [0x7c7df69a6f7b]
/lib/x86_64-linux-gnu/libc.so.6(+0x94ac3) [0x7c7df5094ac3]
/lib/x86_64-linux-gnu/libc.so.6(+0x126850) [0x7c7df5126850]
