#
# An unexpected error has occurred (11)
#
Stack:
/lib/x86_64-linux-gnu/libc.so.6(+0x42520) [0x7e55b3c42520]
/home/zw/tools/Vivado/2023.2/lib/lnx64.o/librdi_synth.so(HARTNlUtil::isCarryInst(NInst&)+0x115) [0x7e557edfd4f5]
/home/zw/tools/Vivado/2023.2/lib/lnx64.o/librdi_synth.so(HARTLutMap::getEstimatedArrival(NInst, NPin)+0x1aa) [0x7e557e82806a]
/home/zw/tools/Vivado/2023.2/lib/lnx64.o/librdi_synth.so(HARTLutMap::setup(NRealMod, bool, bool, bool)+0x8e0) [0x7e557e84caa0]
/home/zw/tools/Vivado/2023.2/lib/lnx64.o/librdi_synth.so(HARTLutMap::evaluateMap(NRealMod, int&, int&, int&)+0x29) [0x7e557e84f9b9]
/home/zw/tools/Vivado/2023.2/lib/lnx64.o/librdi_synth.so(HARTNlOptimizeFrameWork::domap(NRealMod, bool, int&, int&, int&)+0xca) [0x7e557eadb64a]
/home/zw/tools/Vivado/2023.2/lib/lnx64.o/librdi_synth.so(HARTNlOptimizeFrameWork::_convertToPrimitivesAndEstimate1(Cudd&, int, int, bool, bool)+0x3b1) [0x7e557eaefca1]
/home/zw/tools/Vivado/2023.2/lib/lnx64.o/librdi_synth.so(HARTNlOptimizeFrameWork::_algEliminate_weight(int, int, bool, int)+0x729) [0x7e557eaf2e89]
/home/zw/tools/Vivado/2023.2/lib/lnx64.o/librdi_synth.so(HARTNlOptimizeFrameWork::_run_1_alg_basic(int, bool)+0x53) [0x7e557eadbb83]
/home/zw/tools/Vivado/2023.2/lib/lnx64.o/librdi_synth.so(HARTNlOptimizeFrameWork::_runNalgorithms(bool)+0x2a0) [0x7e557eb064a0]
/home/zw/tools/Vivado/2023.2/lib/lnx64.o/librdi_synth.so(HARTNlOptimizeFrameWork::optimize(int&)+0x1d8) [0x7e557eb07b68]
/home/zw/tools/Vivado/2023.2/lib/lnx64.o/librdi_synth.so(HARTNlOptimize::modOptimize(NRealMod, char const*, NInstC*)+0x14b) [0x7e557ebfe9cb]
/home/zw/tools/Vivado/2023.2/lib/lnx64.o/librdi_synth.so(HARTNlOptimize::optimizeRecurse(NRealMod, char const*, NInstC*)+0xa1) [0x7e557ebffec1]
/home/zw/tools/Vivado/2023.2/lib/lnx64.o/librdi_synth.so(HARTNlOptimize::optimizeTop(char const*, NInstC*)+0x338) [0x7e557ec00288]
/home/zw/tools/Vivado/2023.2/lib/lnx64.o/librdi_synth.so(HARTLOptAbc::runNlOpt(LOptAbc*, NTargetLib&, UList<NInstC*, UListNode<NInstC*>, NInstC*, UEValue<NInstC*, UListNode<NInstC*> > >&, UHashMapList<NPinC*, int, NPinC*, UEKey<NPinC*> >&, int&, int&, std::vector<int, std::allocator<int> > const&, _IO_FILE*, _IO_FILE*)+0x507) [0x7e557ea226d7]
/home/zw/tools/Vivado/2023.2/lib/lnx64.o/librdi_synth.so(LOptAbc::doOpt(NRealMod, bool, bool, bool, TTime, long long&, TTime&, NPin&, bool&, int&, int&)+0x115a) [0x7e557f3bb5ea]
/home/zw/tools/Vivado/2023.2/lib/lnx64.o/librdi_synth.so(HARTLOptAbc::doOpt(NRealMod, bool, bool, bool, TTime, long long&, TTime&, NPin&, bool&, int&, int&)+0x203) [0x7e557ea24393]
/home/zw/tools/Vivado/2023.2/lib/lnx64.o/librdi_synth.so(LOptAbc::optimize(NRealMod, bool, bool, bool, TTime, TTime&, bool&, int&, int&)+0xad) [0x7e557f3b665d]
/home/zw/tools/Vivado/2023.2/lib/lnx64.o/librdi_synth.so(NDes::optimizeLogic(bool, bool, bool, bool, TTime&, bool&)+0x353) [0x7e557f3c0513]
/home/zw/tools/Vivado/2023.2/lib/lnx64.o/librdi_synth.so(Optimize1::optimize(OptActions, NEqPinArray)+0x639) [0x7e557f3d42c9]
/home/zw/tools/Vivado/2023.2/lib/lnx64.o/librdi_synth.so(Optimize1::Optimize1(NDes, bool, bool, bool, bool, OptActions, NEqPinArray)+0xc1) [0x7e557f3d5a01]
/home/zw/tools/Vivado/2023.2/lib/lnx64.o/librdi_synth.so(Optimize1::optimizeGenome(NGen, OptActions, ConstProp&)+0x14c) [0x7e557f3d5bbc]
/home/zw/tools/Vivado/2023.2/lib/lnx64.o/librdi_synth.so(Optimize1::optimize(OptActions, NEqPinArray)+0x86e) [0x7e557f3d44fe]
/home/zw/tools/Vivado/2023.2/lib/lnx64.o/librdi_synth.so(Optimize1::Optimize1(NDes, bool, bool, bool, bool, OptActions, NEqPinArray)+0xc1) [0x7e557f3d5a01]
/home/zw/tools/Vivado/2023.2/lib/lnx64.o/librdi_synth.so(Optimize2::areaOpt(bool, bool, bool, bool)+0x3f) [0x7e557f3d9edf]
/home/zw/tools/Vivado/2023.2/lib/lnx64.o/librdi_synth.so(Optimize2::Optimize2(NDes, bool, bool, bool, bool, bool, float, TTime, bool, bool)+0xaac) [0x7e557f3fd16c]
/home/zw/tools/Vivado/2023.2/lib/lnx64.o/librdi_synth.so(NDes::optimize(bool, bool, bool, bool, bool, float, TTime, bool, bool)+0x15a) [0x7e557f3ce30a]
/home/zw/tools/Vivado/2023.2/lib/lnx64.o/librdi_synth.so(+0x1417606) [0x7e557e417606]
/home/zw/tools/Vivado/2023.2/lib/lnx64.o/librdi_synth.so(+0x1321b35) [0x7e557e321b35]
/home/zw/tools/Vivado/2023.2/lib/lnx64.o/libtcl8.5.so(+0x3356f) [0x7e55af83356f]
/home/zw/tools/Vivado/2023.2/lib/lnx64.o/libtcl8.5.so(+0x76945) [0x7e55af876945]
/home/zw/tools/Vivado/2023.2/lib/lnx64.o/libtcl8.5.so(TclObjInterpProcCore+0x420) [0x7e55af8b7ed0]
/home/zw/tools/Vivado/2023.2/lib/lnx64.o/libtcl8.5.so(+0x3356f) [0x7e55af83356f]
/home/zw/tools/Vivado/2023.2/lib/lnx64.o/libtcl8.5.so(+0x34bf8) [0x7e55af834bf8]
/home/zw/tools/Vivado/2023.2/lib/lnx64.o/libtcl8.5.so(Tcl_EvalEx+0x13) [0x7e55af835163]
/home/zw/tools/Vivado/2023.2/lib/lnx64.o/libtcl8.5.so(TclEvalObjEx+0x1e0) [0x7e55af835380]
/home/zw/tools/Vivado/2023.2/lib/lnx64.o/libtcl8.5.so(+0x3b445) [0x7e55af83b445]
/home/zw/tools/Vivado/2023.2/lib/lnx64.o/libtcl8.5.so(+0x3356f) [0x7e55af83356f]
/home/zw/tools/Vivado/2023.2/lib/lnx64.o/libtcl8.5.so(+0x76945) [0x7e55af876945]
/home/zw/tools/Vivado/2023.2/lib/lnx64.o/libtcl8.5.so(+0x7e0f9) [0x7e55af87e0f9]
/home/zw/tools/Vivado/2023.2/lib/lnx64.o/libtcl8.5.so(TclEvalObjEx+0x76) [0x7e55af835216]
/home/zw/tools/Vivado/2023.2/lib/lnx64.o/librdi_commontasks.so(+0x261fb1) [0x7e55a8061fb1]
/home/zw/tools/Vivado/2023.2/lib/lnx64.o/libtcl8.5.so(+0x3356f) [0x7e55af83356f]
/home/zw/tools/Vivado/2023.2/lib/lnx64.o/libtcl8.5.so(+0x76945) [0x7e55af876945]
/home/zw/tools/Vivado/2023.2/lib/lnx64.o/libtcl8.5.so(TclObjInterpProcCore+0x420) [0x7e55af8b7ed0]
/home/zw/tools/Vivado/2023.2/lib/lnx64.o/libtcl8.5.so(+0x3356f) [0x7e55af83356f]
/home/zw/tools/Vivado/2023.2/lib/lnx64.o/libtcl8.5.so(+0x76945) [0x7e55af876945]
/home/zw/tools/Vivado/2023.2/lib/lnx64.o/libtcl8.5.so(TclObjInterpProcCore+0x420) [0x7e55af8b7ed0]
/home/zw/tools/Vivado/2023.2/lib/lnx64.o/libtcl8.5.so(+0x3356f) [0x7e55af83356f]
/home/zw/tools/Vivado/2023.2/lib/lnx64.o/libtcl8.5.so(+0x76945) [0x7e55af876945]
/home/zw/tools/Vivado/2023.2/lib/lnx64.o/libtcl8.5.so(TclObjInterpProcCore+0x420) [0x7e55af8b7ed0]
/home/zw/tools/Vivado/2023.2/lib/lnx64.o/libtcl8.5.so(+0x3356f) [0x7e55af83356f]
/home/zw/tools/Vivado/2023.2/lib/lnx64.o/libtcl8.5.so(+0x76945) [0x7e55af876945]
/home/zw/tools/Vivado/2023.2/lib/lnx64.o/libtcl8.5.so(+0x7e0f9) [0x7e55af87e0f9]
/home/zw/tools/Vivado/2023.2/lib/lnx64.o/libtcl8.5.so(TclEvalObjEx+0x76) [0x7e55af835216]
/home/zw/tools/Vivado/2023.2/lib/lnx64.o/librdi_common.so(hdi::tcltasks::task_manager::eval_in_tcl(Tcl_Interp*, Tcl_Obj*, char const*, bool)+0x74d) [0x7e55b557be1d]
/home/zw/tools/Vivado/2023.2/lib/lnx64.o/librdi_common.so(hdi::tcltasks::task_manager::eval_in_tcl(Tcl_Interp*, char const*, char const*, bool)+0xda) [0x7e55b557c3ca]
/home/zw/tools/Vivado/2023.2/lib/lnx64.o/librdi_synth.so(HARTNDb::processGenomesSequentially(bool, char const*, char const*)+0xbce) [0x7e557e2a8e8e]
/home/zw/tools/Vivado/2023.2/lib/lnx64.o/librdi_synth.so(+0x13c1aa8) [0x7e557e3c1aa8]
/home/zw/tools/Vivado/2023.2/lib/lnx64.o/librdi_synth.so(+0x1321b35) [0x7e557e321b35]
/home/zw/tools/Vivado/2023.2/lib/lnx64.o/libtcl8.5.so(+0x3356f) [0x7e55af83356f]
/home/zw/tools/Vivado/2023.2/lib/lnx64.o/libtcl8.5.so(+0x34bf8) [0x7e55af834bf8]
/home/zw/tools/Vivado/2023.2/lib/lnx64.o/libtcl8.5.so(Tcl_EvalEx+0x13) [0x7e55af835163]
/home/zw/tools/Vivado/2023.2/lib/lnx64.o/libtcl8.5.so(TclEvalObjEx+0x1e0) [0x7e55af835380]
/home/zw/tools/Vivado/2023.2/lib/lnx64.o/libtcl8.5.so(+0x3b445) [0x7e55af83b445]
/home/zw/tools/Vivado/2023.2/lib/lnx64.o/libtcl8.5.so(+0x3356f) [0x7e55af83356f]
/home/zw/tools/Vivado/2023.2/lib/lnx64.o/libtcl8.5.so(+0x76945) [0x7e55af876945]
/home/zw/tools/Vivado/2023.2/lib/lnx64.o/libtcl8.5.so(+0x7e0f9) [0x7e55af87e0f9]
/home/zw/tools/Vivado/2023.2/lib/lnx64.o/libtcl8.5.so(TclEvalObjEx+0x76) [0x7e55af835216]
/home/zw/tools/Vivado/2023.2/lib/lnx64.o/librdi_commontasks.so(+0x261fb1) [0x7e55a8061fb1]
/home/zw/tools/Vivado/2023.2/lib/lnx64.o/libtcl8.5.so(+0x3356f) [0x7e55af83356f]
/home/zw/tools/Vivado/2023.2/lib/lnx64.o/libtcl8.5.so(+0x76945) [0x7e55af876945]
/home/zw/tools/Vivado/2023.2/lib/lnx64.o/libtcl8.5.so(TclObjInterpProcCore+0x420) [0x7e55af8b7ed0]
/home/zw/tools/Vivado/2023.2/lib/lnx64.o/libtcl8.5.so(+0x3356f) [0x7e55af83356f]
/home/zw/tools/Vivado/2023.2/lib/lnx64.o/libtcl8.5.so(+0x76945) [0x7e55af876945]
/home/zw/tools/Vivado/2023.2/lib/lnx64.o/libtcl8.5.so(TclObjInterpProcCore+0x420) [0x7e55af8b7ed0]
/home/zw/tools/Vivado/2023.2/lib/lnx64.o/libtcl8.5.so(+0x3356f) [0x7e55af83356f]
/home/zw/tools/Vivado/2023.2/lib/lnx64.o/libtcl8.5.so(+0x76945) [0x7e55af876945]
/home/zw/tools/Vivado/2023.2/lib/lnx64.o/libtcl8.5.so(TclObjInterpProcCore+0x420) [0x7e55af8b7ed0]
/home/zw/tools/Vivado/2023.2/lib/lnx64.o/libtcl8.5.so(+0x3356f) [0x7e55af83356f]
/home/zw/tools/Vivado/2023.2/lib/lnx64.o/libtcl8.5.so(+0x76945) [0x7e55af876945]
/home/zw/tools/Vivado/2023.2/lib/lnx64.o/libtcl8.5.so(+0x7e0f9) [0x7e55af87e0f9]
/home/zw/tools/Vivado/2023.2/lib/lnx64.o/libtcl8.5.so(TclEvalObjEx+0x76) [0x7e55af835216]
/home/zw/tools/Vivado/2023.2/lib/lnx64.o/librdi_commontasks.so(+0x261fb1) [0x7e55a8061fb1]
/home/zw/tools/Vivado/2023.2/lib/lnx64.o/libtcl8.5.so(+0x3356f) [0x7e55af83356f]
/home/zw/tools/Vivado/2023.2/lib/lnx64.o/libtcl8.5.so(+0x76945) [0x7e55af876945]
/home/zw/tools/Vivado/2023.2/lib/lnx64.o/libtcl8.5.so(Tcl_ExprObj+0xf8) [0x7e55af87dcd8]
/home/zw/tools/Vivado/2023.2/lib/lnx64.o/libtcl8.5.so(Tcl_ExprBooleanObj+0x16) [0x7e55af833f56]
/home/zw/tools/Vivado/2023.2/lib/lnx64.o/libtcl8.5.so(+0x3e7ae) [0x7e55af83e7ae]
/home/zw/tools/Vivado/2023.2/lib/lnx64.o/libtcl8.5.so(+0x3356f) [0x7e55af83356f]
/home/zw/tools/Vivado/2023.2/lib/lnx64.o/libtcl8.5.so(+0x34bf8) [0x7e55af834bf8]
/home/zw/tools/Vivado/2023.2/lib/lnx64.o/libtcl8.5.so(Tcl_EvalEx+0x13) [0x7e55af835163]
/home/zw/tools/Vivado/2023.2/lib/lnx64.o/libtcl8.5.so(Tcl_FSEvalFileEx+0x1da) [0x7e55af899d2a]
/home/zw/tools/Vivado/2023.2/lib/lnx64.o/librdi_commontasks.so(+0x27e220) [0x7e55a807e220]
/home/zw/tools/Vivado/2023.2/lib/lnx64.o/librdi_common.so(+0xd7d9bf) [0x7e55b557d9bf]
/home/zw/tools/Vivado/2023.2/lib/lnx64.o/libtcl8.5.so(+0x3356f) [0x7e55af83356f]
/home/zw/tools/Vivado/2023.2/lib/lnx64.o/libtcl8.5.so(+0x76945) [0x7e55af876945]
/home/zw/tools/Vivado/2023.2/lib/lnx64.o/libtcl8.5.so(+0x7e0f9) [0x7e55af87e0f9]
/home/zw/tools/Vivado/2023.2/lib/lnx64.o/libtcl8.5.so(TclEvalObjEx+0x76) [0x7e55af835216]
/home/zw/tools/Vivado/2023.2/lib/lnx64.o/libtcl8.5.so(+0xb7637) [0x7e55af8b7637]
/home/zw/tools/Vivado/2023.2/lib/lnx64.o/libtcl8.5.so(+0x3356f) [0x7e55af83356f]
/home/zw/tools/Vivado/2023.2/lib/lnx64.o/libtcl8.5.so(+0x76945) [0x7e55af876945]
/home/zw/tools/Vivado/2023.2/lib/lnx64.o/libtcl8.5.so(+0x7e0f9) [0x7e55af87e0f9]
/home/zw/tools/Vivado/2023.2/lib/lnx64.o/libtcl8.5.so(TclEvalObjEx+0x76) [0x7e55af835216]
/home/zw/tools/Vivado/2023.2/lib/lnx64.o/librdi_commontasks.so(+0x261f0e) [0x7e55a8061f0e]
/home/zw/tools/Vivado/2023.2/lib/lnx64.o/libtcl8.5.so(+0x3356f) [0x7e55af83356f]
/home/zw/tools/Vivado/2023.2/lib/lnx64.o/libtcl8.5.so(+0x34bf8) [0x7e55af834bf8]
/home/zw/tools/Vivado/2023.2/lib/lnx64.o/libtcl8.5.so(+0xad566) [0x7e55af8ad566]
/home/zw/tools/Vivado/2023.2/lib/lnx64.o/libtcl8.5.so(+0x34785) [0x7e55af834785]
/home/zw/tools/Vivado/2023.2/lib/lnx64.o/libtcl8.5.so(Tcl_EvalEx+0x13) [0x7e55af835163]
/home/zw/tools/Vivado/2023.2/lib/lnx64.o/libtcl8.5.so(Tcl_FSEvalFileEx+0x1da) [0x7e55af899d2a]
/home/zw/tools/Vivado/2023.2/lib/lnx64.o/librdi_commontasks.so(+0x27e220) [0x7e55a807e220]
/home/zw/tools/Vivado/2023.2/lib/lnx64.o/librdi_common.so(+0xd7d9bf) [0x7e55b557d9bf]
/home/zw/tools/Vivado/2023.2/lib/lnx64.o/libtcl8.5.so(+0x3356f) [0x7e55af83356f]
/home/zw/tools/Vivado/2023.2/lib/lnx64.o/libtcl8.5.so(Tcl_EvalObjv+0x32) [0x7e55af8336a2]
/home/zw/tools/Vivado/2023.2/lib/lnx64.o/libtcl8.5.so(TclEvalObjEx+0x322) [0x7e55af8354c2]
/home/zw/tools/Vivado/2023.2/lib/lnx64.o/librdi_common.so(hdi::tcltasks::task_manager::eval_in_tcl(Tcl_Interp*, Tcl_Obj*, char const*, bool)+0x74d) [0x7e55b557be1d]
/home/zw/tools/Vivado/2023.2/lib/lnx64.o/librdi_designutils.so(HRTInvoker::inProcessLaunch(HDGUIStatus&)+0x310) [0x7e559de24380]
/home/zw/tools/Vivado/2023.2/lib/lnx64.o/librdi_designutils.so(HRTInvoker::launch(HDGUIStatus&)+0x33) [0x7e559de24933]
/home/zw/tools/Vivado/2023.2/lib/lnx64.o/librdi_vivadotasks.so(+0x70211c) [0x7e5577b0211c]
/home/zw/tools/Vivado/2023.2/lib/lnx64.o/librdi_vivadotasks.so(+0x70b832) [0x7e5577b0b832]
/home/zw/tools/Vivado/2023.2/lib/lnx64.o/librdi_common.so(+0xd7d9bf) [0x7e55b557d9bf]
/home/zw/tools/Vivado/2023.2/lib/lnx64.o/libtcl8.5.so(+0x3356f) [0x7e55af83356f]
/home/zw/tools/Vivado/2023.2/lib/lnx64.o/libtcl8.5.so(+0x76945) [0x7e55af876945]
/home/zw/tools/Vivado/2023.2/lib/lnx64.o/libtcl8.5.so(+0x7e0f9) [0x7e55af87e0f9]
/home/zw/tools/Vivado/2023.2/lib/lnx64.o/libtcl8.5.so(TclEvalObjEx+0x76) [0x7e55af835216]
/home/zw/tools/Vivado/2023.2/lib/lnx64.o/libtcl8.5.so(Tcl_RecordAndEvalObj+0x143) [0x7e55af883bd3]
/home/zw/tools/Vivado/2023.2/lib/lnx64.o/librdi_commontasks.so(+0x2fc369) [0x7e55a80fc369]
/home/zw/tools/Vivado/2023.2/lib/lnx64.o/libtcl8.5.so(Tcl_Main+0x620) [0x7e55af8a0740]
/home/zw/tools/Vivado/2023.2/lib/lnx64.o/librdi_common.so(+0xda6f7b) [0x7e55b55a6f7b]
/lib/x86_64-linux-gnu/libc.so.6(+0x94ac3) [0x7e55b3c94ac3]
/lib/x86_64-linux-gnu/libc.so.6(+0x126850) [0x7e55b3d26850]
