#
# An unexpected error has occurred (11)
#
Stack:
/lib/x86_64-linux-gnu/libc.so.6(+0x42520) [0x79e9eb042520]
/home/zw/tools/Vivado/2023.2/lib/lnx64.o/librdi_synth.so(NPinC::parentModule() const+0x4) [0x79e9b6bddc54]
/home/zw/tools/Vivado/2023.2/lib/lnx64.o/librdi_synth.so(ConstProp::assertPortEquivalencies(NRealMod, NNet, NNet, NPin)+0xb4) [0x79e9b62b7154]
/home/zw/tools/Vivado/2023.2/lib/lnx64.o/librdi_synth.so(ConstProp::evaluateModule(NInst, NRealMod, int, bool, UHashSet<NNetC*, NNetC*, UEKey<NNetC*>, UHashSetNode<NNetC*>, NNetC*, UEValue<NNetC*, UHashSetNode<NNetC*> > >*)+0x2c6) [0x79e9b62c1de6]
/home/zw/tools/Vivado/2023.2/lib/lnx64.o/librdi_synth.so(ConstProp::evaluate(NInst, int, bool, UHashSet<NNetC*, NNetC*, UEKey<NNetC*>, UHashSetNode<NNetC*>, NNetC*, UEValue<NNetC*, UHashSetNode<NNetC*> > >*)+0x445) [0x79e9b62c6f55]
/home/zw/tools/Vivado/2023.2/lib/lnx64.o/librdi_synth.so(ConstProp::getEquivalentNet(NNet, bool, UHashSet<NNetC*, NNetC*, UEKey<NNetC*>, UHashSetNode<NNetC*>, NNetC*, UEValue<NNetC*, UHashSetNode<NNetC*> > >*)+0x20e) [0x79e9b62badce]
/home/zw/tools/Vivado/2023.2/lib/lnx64.o/librdi_synth.so(ConstProp::propagate(bool, bool, bool, bool, bool, bool, bool, bool, bool, int)+0xc34) [0x79e9b62c8674]
/home/zw/tools/Vivado/2023.2/lib/lnx64.o/librdi_synth.so(Optimize::constProp(ConstProp&, int)+0x75) [0x79e9b67cef05]
/home/zw/tools/Vivado/2023.2/lib/lnx64.o/librdi_synth.so(Optimize1::optimize(OptActions, NEqPinArray)+0x10ec) [0x79e9b67d4d7c]
/home/zw/tools/Vivado/2023.2/lib/lnx64.o/librdi_synth.so(Optimize1::Optimize1(NDes, bool, bool, bool, bool, OptActions, NEqPinArray)+0xc1) [0x79e9b67d5a01]
/home/zw/tools/Vivado/2023.2/lib/lnx64.o/librdi_synth.so(Optimize1::optimizeGenome(NGen, OptActions, ConstProp&)+0x14c) [0x79e9b67d5bbc]
/home/zw/tools/Vivado/2023.2/lib/lnx64.o/librdi_synth.so(Optimize1::optimize(OptActions, NEqPinArray)+0x86e) [0x79e9b67d44fe]
/home/zw/tools/Vivado/2023.2/lib/lnx64.o/librdi_synth.so(Optimize1::Optimize1(NDes, bool, bool, bool, bool, OptActions, NEqPinArray)+0xc1) [0x79e9b67d5a01]
/home/zw/tools/Vivado/2023.2/lib/lnx64.o/librdi_synth.so(Optimize2::areaOpt(bool, bool, bool, bool)+0x3f) [0x79e9b67d9edf]
/home/zw/tools/Vivado/2023.2/lib/lnx64.o/librdi_synth.so(Optimize2::Optimize2(NDes, bool, bool, bool, bool, bool, float, TTime, bool, bool)+0xaac) [0x79e9b67fd16c]
/home/zw/tools/Vivado/2023.2/lib/lnx64.o/librdi_synth.so(NDes::optimize(bool, bool, bool, bool, bool, float, TTime, bool, bool)+0x15a) [0x79e9b67ce30a]
/home/zw/tools/Vivado/2023.2/lib/lnx64.o/librdi_synth.so(+0x1417606) [0x79e9b5817606]
/home/zw/tools/Vivado/2023.2/lib/lnx64.o/librdi_synth.so(+0x1321b35) [0x79e9b5721b35]
/home/zw/tools/Vivado/2023.2/lib/lnx64.o/libtcl8.5.so(+0x3356f) [0x79e9e6c3356f]
/home/zw/tools/Vivado/2023.2/lib/lnx64.o/libtcl8.5.so(+0x76945) [0x79e9e6c76945]
/home/zw/tools/Vivado/2023.2/lib/lnx64.o/libtcl8.5.so(TclObjInterpProcCore+0x420) [0x79e9e6cb7ed0]
/home/zw/tools/Vivado/2023.2/lib/lnx64.o/libtcl8.5.so(+0x3356f) [0x79e9e6c3356f]
/home/zw/tools/Vivado/2023.2/lib/lnx64.o/libtcl8.5.so(+0x34bf8) [0x79e9e6c34bf8]
/home/zw/tools/Vivado/2023.2/lib/lnx64.o/libtcl8.5.so(Tcl_EvalEx+0x13) [0x79e9e6c35163]
/home/zw/tools/Vivado/2023.2/lib/lnx64.o/libtcl8.5.so(TclEvalObjEx+0x1e0) [0x79e9e6c35380]
/home/zw/tools/Vivado/2023.2/lib/lnx64.o/libtcl8.5.so(+0x3b445) [0x79e9e6c3b445]
/home/zw/tools/Vivado/2023.2/lib/lnx64.o/libtcl8.5.so(+0x3356f) [0x79e9e6c3356f]
/home/zw/tools/Vivado/2023.2/lib/lnx64.o/libtcl8.5.so(+0x76945) [0x79e9e6c76945]
/home/zw/tools/Vivado/2023.2/lib/lnx64.o/libtcl8.5.so(+0x7e0f9) [0x79e9e6c7e0f9]
/home/zw/tools/Vivado/2023.2/lib/lnx64.o/libtcl8.5.so(TclEvalObjEx+0x76) [0x79e9e6c35216]
/home/zw/tools/Vivado/2023.2/lib/lnx64.o/librdi_commontasks.so(+0x261fb1) [0x79e9df461fb1]
/home/zw/tools/Vivado/2023.2/lib/lnx64.o/libtcl8.5.so(+0x3356f) [0x79e9e6c3356f]
/home/zw/tools/Vivado/2023.2/lib/lnx64.o/libtcl8.5.so(+0x76945) [0x79e9e6c76945]
/home/zw/tools/Vivado/2023.2/lib/lnx64.o/libtcl8.5.so(TclObjInterpProcCore+0x420) [0x79e9e6cb7ed0]
/home/zw/tools/Vivado/2023.2/lib/lnx64.o/libtcl8.5.so(+0x3356f) [0x79e9e6c3356f]
/home/zw/tools/Vivado/2023.2/lib/lnx64.o/libtcl8.5.so(+0x76945) [0x79e9e6c76945]
/home/zw/tools/Vivado/2023.2/lib/lnx64.o/libtcl8.5.so(TclObjInterpProcCore+0x420) [0x79e9e6cb7ed0]
/home/zw/tools/Vivado/2023.2/lib/lnx64.o/libtcl8.5.so(+0x3356f) [0x79e9e6c3356f]
/home/zw/tools/Vivado/2023.2/lib/lnx64.o/libtcl8.5.so(+0x76945) [0x79e9e6c76945]
/home/zw/tools/Vivado/2023.2/lib/lnx64.o/libtcl8.5.so(TclObjInterpProcCore+0x420) [0x79e9e6cb7ed0]
/home/zw/tools/Vivado/2023.2/lib/lnx64.o/libtcl8.5.so(+0x3356f) [0x79e9e6c3356f]
/home/zw/tools/Vivado/2023.2/lib/lnx64.o/libtcl8.5.so(+0x76945) [0x79e9e6c76945]
/home/zw/tools/Vivado/2023.2/lib/lnx64.o/libtcl8.5.so(+0x7e0f9) [0x79e9e6c7e0f9]
/home/zw/tools/Vivado/2023.2/lib/lnx64.o/libtcl8.5.so(TclEvalObjEx+0x76) [0x79e9e6c35216]
/home/zw/tools/Vivado/2023.2/lib/lnx64.o/librdi_common.so(hdi::tcltasks::task_manager::eval_in_tcl(Tcl_Interp*, Tcl_Obj*, char const*, bool)+0x74d) [0x79e9ec97be1d]
/home/zw/tools/Vivado/2023.2/lib/lnx64.o/librdi_common.so(hdi::tcltasks::task_manager::eval_in_tcl(Tcl_Interp*, char const*, char const*, bool)+0xda) [0x79e9ec97c3ca]
/home/zw/tools/Vivado/2023.2/lib/lnx64.o/librdi_synth.so(HARTNDb::processGenomesSequentially(bool, char const*, char const*)+0xbce) [0x79e9b56a8e8e]
/home/zw/tools/Vivado/2023.2/lib/lnx64.o/librdi_synth.so(+0x13c1aa8) [0x79e9b57c1aa8]
/home/zw/tools/Vivado/2023.2/lib/lnx64.o/librdi_synth.so(+0x1321b35) [0x79e9b5721b35]
/home/zw/tools/Vivado/2023.2/lib/lnx64.o/libtcl8.5.so(+0x3356f) [0x79e9e6c3356f]
/home/zw/tools/Vivado/2023.2/lib/lnx64.o/libtcl8.5.so(+0x34bf8) [0x79e9e6c34bf8]
/home/zw/tools/Vivado/2023.2/lib/lnx64.o/libtcl8.5.so(Tcl_EvalEx+0x13) [0x79e9e6c35163]
/home/zw/tools/Vivado/2023.2/lib/lnx64.o/libtcl8.5.so(TclEvalObjEx+0x1e0) [0x79e9e6c35380]
/home/zw/tools/Vivado/2023.2/lib/lnx64.o/libtcl8.5.so(+0x3b445) [0x79e9e6c3b445]
/home/zw/tools/Vivado/2023.2/lib/lnx64.o/libtcl8.5.so(+0x3356f) [0x79e9e6c3356f]
/home/zw/tools/Vivado/2023.2/lib/lnx64.o/libtcl8.5.so(+0x76945) [0x79e9e6c76945]
/home/zw/tools/Vivado/2023.2/lib/lnx64.o/libtcl8.5.so(+0x7e0f9) [0x79e9e6c7e0f9]
/home/zw/tools/Vivado/2023.2/lib/lnx64.o/libtcl8.5.so(TclEvalObjEx+0x76) [0x79e9e6c35216]
/home/zw/tools/Vivado/2023.2/lib/lnx64.o/librdi_commontasks.so(+0x261fb1) [0x79e9df461fb1]
/home/zw/tools/Vivado/2023.2/lib/lnx64.o/libtcl8.5.so(+0x3356f) [0x79e9e6c3356f]
/home/zw/tools/Vivado/2023.2/lib/lnx64.o/libtcl8.5.so(+0x76945) [0x79e9e6c76945]
/home/zw/tools/Vivado/2023.2/lib/lnx64.o/libtcl8.5.so(TclObjInterpProcCore+0x420) [0x79e9e6cb7ed0]
/home/zw/tools/Vivado/2023.2/lib/lnx64.o/libtcl8.5.so(+0x3356f) [0x79e9e6c3356f]
/home/zw/tools/Vivado/2023.2/lib/lnx64.o/libtcl8.5.so(+0x76945) [0x79e9e6c76945]
/home/zw/tools/Vivado/2023.2/lib/lnx64.o/libtcl8.5.so(TclObjInterpProcCore+0x420) [0x79e9e6cb7ed0]
/home/zw/tools/Vivado/2023.2/lib/lnx64.o/libtcl8.5.so(+0x3356f) [0x79e9e6c3356f]
/home/zw/tools/Vivado/2023.2/lib/lnx64.o/libtcl8.5.so(+0x76945) [0x79e9e6c76945]
/home/zw/tools/Vivado/2023.2/lib/lnx64.o/libtcl8.5.so(TclObjInterpProcCore+0x420) [0x79e9e6cb7ed0]
/home/zw/tools/Vivado/2023.2/lib/lnx64.o/libtcl8.5.so(+0x3356f) [0x79e9e6c3356f]
/home/zw/tools/Vivado/2023.2/lib/lnx64.o/libtcl8.5.so(+0x76945) [0x79e9e6c76945]
/home/zw/tools/Vivado/2023.2/lib/lnx64.o/libtcl8.5.so(+0x7e0f9) [0x79e9e6c7e0f9]
/home/zw/tools/Vivado/2023.2/lib/lnx64.o/libtcl8.5.so(TclEvalObjEx+0x76) [0x79e9e6c35216]
/home/zw/tools/Vivado/2023.2/lib/lnx64.o/librdi_commontasks.so(+0x261fb1) [0x79e9df461fb1]
/home/zw/tools/Vivado/2023.2/lib/lnx64.o/libtcl8.5.so(+0x3356f) [0x79e9e6c3356f]
/home/zw/tools/Vivado/2023.2/lib/lnx64.o/libtcl8.5.so(+0x76945) [0x79e9e6c76945]
/home/zw/tools/Vivado/2023.2/lib/lnx64.o/libtcl8.5.so(Tcl_ExprObj+0xf8) [0x79e9e6c7dcd8]
/home/zw/tools/Vivado/2023.2/lib/lnx64.o/libtcl8.5.so(Tcl_ExprBooleanObj+0x16) [0x79e9e6c33f56]
/home/zw/tools/Vivado/2023.2/lib/lnx64.o/libtcl8.5.so(+0x3e7ae) [0x79e9e6c3e7ae]
/home/zw/tools/Vivado/2023.2/lib/lnx64.o/libtcl8.5.so(+0x3356f) [0x79e9e6c3356f]
/home/zw/tools/Vivado/2023.2/lib/lnx64.o/libtcl8.5.so(+0x34bf8) [0x79e9e6c34bf8]
/home/zw/tools/Vivado/2023.2/lib/lnx64.o/libtcl8.5.so(Tcl_EvalEx+0x13) [0x79e9e6c35163]
/home/zw/tools/Vivado/2023.2/lib/lnx64.o/libtcl8.5.so(Tcl_FSEvalFileEx+0x1da) [0x79e9e6c99d2a]
/home/zw/tools/Vivado/2023.2/lib/lnx64.o/librdi_commontasks.so(+0x27e220) [0x79e9df47e220]
/home/zw/tools/Vivado/2023.2/lib/lnx64.o/librdi_common.so(+0xd7d9bf) [0x79e9ec97d9bf]
/home/zw/tools/Vivado/2023.2/lib/lnx64.o/libtcl8.5.so(+0x3356f) [0x79e9e6c3356f]
/home/zw/tools/Vivado/2023.2/lib/lnx64.o/libtcl8.5.so(+0x76945) [0x79e9e6c76945]
/home/zw/tools/Vivado/2023.2/lib/lnx64.o/libtcl8.5.so(+0x7e0f9) [0x79e9e6c7e0f9]
/home/zw/tools/Vivado/2023.2/lib/lnx64.o/libtcl8.5.so(TclEvalObjEx+0x76) [0x79e9e6c35216]
/home/zw/tools/Vivado/2023.2/lib/lnx64.o/libtcl8.5.so(+0xb7637) [0x79e9e6cb7637]
/home/zw/tools/Vivado/2023.2/lib/lnx64.o/libtcl8.5.so(+0x3356f) [0x79e9e6c3356f]
/home/zw/tools/Vivado/2023.2/lib/lnx64.o/libtcl8.5.so(+0x76945) [0x79e9e6c76945]
/home/zw/tools/Vivado/2023.2/lib/lnx64.o/libtcl8.5.so(+0x7e0f9) [0x79e9e6c7e0f9]
/home/zw/tools/Vivado/2023.2/lib/lnx64.o/libtcl8.5.so(TclEvalObjEx+0x76) [0x79e9e6c35216]
/home/zw/tools/Vivado/2023.2/lib/lnx64.o/librdi_commontasks.so(+0x261f0e) [0x79e9df461f0e]
/home/zw/tools/Vivado/2023.2/lib/lnx64.o/libtcl8.5.so(+0x3356f) [0x79e9e6c3356f]
/home/zw/tools/Vivado/2023.2/lib/lnx64.o/libtcl8.5.so(+0x34bf8) [0x79e9e6c34bf8]
/home/zw/tools/Vivado/2023.2/lib/lnx64.o/libtcl8.5.so(+0xad566) [0x79e9e6cad566]
/home/zw/tools/Vivado/2023.2/lib/lnx64.o/libtcl8.5.so(+0x34785) [0x79e9e6c34785]
/home/zw/tools/Vivado/2023.2/lib/lnx64.o/libtcl8.5.so(Tcl_EvalEx+0x13) [0x79e9e6c35163]
/home/zw/tools/Vivado/2023.2/lib/lnx64.o/libtcl8.5.so(Tcl_FSEvalFileEx+0x1da) [0x79e9e6c99d2a]
/home/zw/tools/Vivado/2023.2/lib/lnx64.o/librdi_commontasks.so(+0x27e220) [0x79e9df47e220]
/home/zw/tools/Vivado/2023.2/lib/lnx64.o/librdi_common.so(+0xd7d9bf) [0x79e9ec97d9bf]
/home/zw/tools/Vivado/2023.2/lib/lnx64.o/libtcl8.5.so(+0x3356f) [0x79e9e6c3356f]
/home/zw/tools/Vivado/2023.2/lib/lnx64.o/libtcl8.5.so(Tcl_EvalObjv+0x32) [0x79e9e6c336a2]
/home/zw/tools/Vivado/2023.2/lib/lnx64.o/libtcl8.5.so(TclEvalObjEx+0x322) [0x79e9e6c354c2]
/home/zw/tools/Vivado/2023.2/lib/lnx64.o/librdi_common.so(hdi::tcltasks::task_manager::eval_in_tcl(Tcl_Interp*, Tcl_Obj*, char const*, bool)+0x74d) [0x79e9ec97be1d]
/home/zw/tools/Vivado/2023.2/lib/lnx64.o/librdi_designutils.so(HRTInvoker::inProcessLaunch(HDGUIStatus&)+0x310) [0x79e9d5224380]
/home/zw/tools/Vivado/2023.2/lib/lnx64.o/librdi_designutils.so(HRTInvoker::launch(HDGUIStatus&)+0x33) [0x79e9d5224933]
/home/zw/tools/Vivado/2023.2/lib/lnx64.o/librdi_vivadotasks.so(+0x70211c) [0x79e9aef0211c]
/home/zw/tools/Vivado/2023.2/lib/lnx64.o/librdi_vivadotasks.so(+0x70b832) [0x79e9aef0b832]
/home/zw/tools/Vivado/2023.2/lib/lnx64.o/librdi_common.so(+0xd7d9bf) [0x79e9ec97d9bf]
/home/zw/tools/Vivado/2023.2/lib/lnx64.o/libtcl8.5.so(+0x3356f) [0x79e9e6c3356f]
/home/zw/tools/Vivado/2023.2/lib/lnx64.o/libtcl8.5.so(+0x76945) [0x79e9e6c76945]
/home/zw/tools/Vivado/2023.2/lib/lnx64.o/libtcl8.5.so(+0x7e0f9) [0x79e9e6c7e0f9]
/home/zw/tools/Vivado/2023.2/lib/lnx64.o/libtcl8.5.so(TclEvalObjEx+0x76) [0x79e9e6c35216]
/home/zw/tools/Vivado/2023.2/lib/lnx64.o/libtcl8.5.so(Tcl_RecordAndEvalObj+0x143) [0x79e9e6c83bd3]
/home/zw/tools/Vivado/2023.2/lib/lnx64.o/librdi_commontasks.so(+0x2fc369) [0x79e9df4fc369]
/home/zw/tools/Vivado/2023.2/lib/lnx64.o/libtcl8.5.so(Tcl_Main+0x620) [0x79e9e6ca0740]
/home/zw/tools/Vivado/2023.2/lib/lnx64.o/librdi_common.so(+0xda6f7b) [0x79e9ec9a6f7b]
/lib/x86_64-linux-gnu/libc.so.6(+0x94ac3) [0x79e9eb094ac3]
/lib/x86_64-linux-gnu/libc.so.6(+0x126850) [0x79e9eb126850]
