#
# An unexpected error has occurred (11)
#
Stack:
/lib/x86_64-linux-gnu/libc.so.6(+0x42520) [0x7f40eae42520]
/media/user/data/wz/vhls232/Vivado/2023.2/lib/lnx64.o/librdi_synth.so(DFNode::calcConstantBinaryInt(UConst&, UConst&, bool, bool, DFEdge*, UConst&)+0xae0) [0x7f40b66e4490]
/media/user/data/wz/vhls232/Vivado/2023.2/lib/lnx64.o/librdi_synth.so(DFNode::calcConstantBinary(DFPin*, UConst&, UHashMap<DFPin*, UConst*, DFPin*, UEKey<DFPin*> >&, bool)+0x129) [0x7f40b66e5589]
/media/user/data/wz/vhls232/Vivado/2023.2/lib/lnx64.o/librdi_synth.so(DFPin::calcConstantInt(UConst&, UHashMap<DFPin*, UConst*, DFPin*, UEKey<DFPin*> >&, bool, bool)+0x12f) [0x7f40b66e582f]
/media/user/data/wz/vhls232/Vivado/2023.2/lib/lnx64.o/librdi_synth.so(DFEdge::calcConstantInt(UConst&, UHashMap<DFPin*, UConst*, DFPin*, UEKey<DFPin*> >&, bool)+0x55) [0x7f40b66e7545]
/media/user/data/wz/vhls232/Vivado/2023.2/lib/lnx64.o/librdi_synth.so(DFPin::calcConstantInt(UConst&, UHashMap<DFPin*, UConst*, DFPin*, UEKey<DFPin*> >&, bool, bool)+0x216) [0x7f40b66e5916]
/media/user/data/wz/vhls232/Vivado/2023.2/lib/lnx64.o/librdi_synth.so(HOptDfg::propConst(DFNode*)+0x8f) [0x7f40b613fcff]
/media/user/data/wz/vhls232/Vivado/2023.2/lib/lnx64.o/librdi_synth.so(DFPin::travelTopDownIter(DFGraphTraverseFuncVoid&, UFlags<Option>, UHashList<DFEdge*, DFEdge*, UEKey<DFEdge*>, UHashListNode<DFEdge*>, DFEdge*>*, DFGraph*)+0x687) [0x7f40b670d817]
/media/user/data/wz/vhls232/Vivado/2023.2/lib/lnx64.o/librdi_synth.so(DFGraph::traverseTopDown(DFGraphTraverseFuncVoid&, UFlags<Option>, UHashList<DFEdge*, DFEdge*, UEKey<DFEdge*>, UHashListNode<DFEdge*>, DFEdge*>*, DFGraph*)+0xb9) [0x7f40b66f2bf9]
/media/user/data/wz/vhls232/Vivado/2023.2/lib/lnx64.o/librdi_synth.so(HOptDfg::propagateConstants(DFGraph*)+0xba) [0x7f40b613ecda]
/media/user/data/wz/vhls232/Vivado/2023.2/lib/lnx64.o/librdi_synth.so(HARTHOptDfg::optimizePass1()+0x22267) [0x7f40b58cef27]
/media/user/data/wz/vhls232/Vivado/2023.2/lib/lnx64.o/librdi_synth.so(HARTNDb::dfgOptPass1Recur(DFGraph*, NRealMod, DFNode*, UHashSet<DFGraph*, DFGraph*, UEKey<DFGraph*>, UHashSetNode<DFGraph*>, DFGraph*, UEValue<DFGraph*, UHashSetNode<DFGraph*> > >&, UHashSet<DFGraph*, DFGraph*, UEKey<DFGraph*>, UHashSetNode<DFGraph*>, DFGraph*, UEValue<DFGraph*, UHashSetNode<DFGraph*> > >&)+0x3fd) [0x7f40b52ae03d]
/media/user/data/wz/vhls232/Vivado/2023.2/lib/lnx64.o/librdi_synth.so(HARTNDb::dfgOptPass1Recur(DFGraph*, NRealMod, DFNode*, UHashSet<DFGraph*, DFGraph*, UEKey<DFGraph*>, UHashSetNode<DFGraph*>, DFGraph*, UEValue<DFGraph*, UHashSetNode<DFGraph*> > >&, UHashSet<DFGraph*, DFGraph*, UEKey<DFGraph*>, UHashSetNode<DFGraph*>, DFGraph*, UEValue<DFGraph*, UHashSetNode<DFGraph*> > >&)+0x14c) [0x7f40b52add8c]
/media/user/data/wz/vhls232/Vivado/2023.2/lib/lnx64.o/librdi_synth.so(HARTNDb::sequentialDFGOptPass1()+0x7d) [0x7f40b52ae84d]
/media/user/data/wz/vhls232/Vivado/2023.2/lib/lnx64.o/librdi_synth.so(HARTNDb::processParallelDFGOptPass1(UString const&)+0x190) [0x7f40b52aeb80]
/media/user/data/wz/vhls232/Vivado/2023.2/lib/lnx64.o/librdi_synth.so(HARTNDb::elaborate(UString const&, bool, bool, char const*)+0x14b) [0x7f40b5217ccb]
/media/user/data/wz/vhls232/Vivado/2023.2/lib/lnx64.o/librdi_synth.so(HARTNDb::synthesize(UString const&, bool, bool, char const*)+0x275) [0x7f40b52472e5]
/media/user/data/wz/vhls232/Vivado/2023.2/lib/lnx64.o/librdi_synth.so(+0x13c91fb) [0x7f40b53c91fb]
/media/user/data/wz/vhls232/Vivado/2023.2/lib/lnx64.o/librdi_synth.so(+0x13c93c3) [0x7f40b53c93c3]
/media/user/data/wz/vhls232/Vivado/2023.2/lib/lnx64.o/librdi_synth.so(+0x1321b35) [0x7f40b5321b35]
/media/user/data/wz/vhls232/Vivado/2023.2/lib/lnx64.o/libtcl8.5.so(+0x3356f) [0x7f40e6a3356f]
/media/user/data/wz/vhls232/Vivado/2023.2/lib/lnx64.o/libtcl8.5.so(+0x76945) [0x7f40e6a76945]
/media/user/data/wz/vhls232/Vivado/2023.2/lib/lnx64.o/libtcl8.5.so(TclObjInterpProcCore+0x420) [0x7f40e6ab7ed0]
/media/user/data/wz/vhls232/Vivado/2023.2/lib/lnx64.o/libtcl8.5.so(+0x3356f) [0x7f40e6a3356f]
/media/user/data/wz/vhls232/Vivado/2023.2/lib/lnx64.o/libtcl8.5.so(+0x34bf8) [0x7f40e6a34bf8]
/media/user/data/wz/vhls232/Vivado/2023.2/lib/lnx64.o/libtcl8.5.so(Tcl_EvalEx+0x13) [0x7f40e6a35163]
/media/user/data/wz/vhls232/Vivado/2023.2/lib/lnx64.o/libtcl8.5.so(TclEvalObjEx+0x1e0) [0x7f40e6a35380]
/media/user/data/wz/vhls232/Vivado/2023.2/lib/lnx64.o/libtcl8.5.so(+0x3b445) [0x7f40e6a3b445]
/media/user/data/wz/vhls232/Vivado/2023.2/lib/lnx64.o/libtcl8.5.so(+0x3356f) [0x7f40e6a3356f]
/media/user/data/wz/vhls232/Vivado/2023.2/lib/lnx64.o/libtcl8.5.so(+0x76945) [0x7f40e6a76945]
/media/user/data/wz/vhls232/Vivado/2023.2/lib/lnx64.o/libtcl8.5.so(+0x7e0f9) [0x7f40e6a7e0f9]
/media/user/data/wz/vhls232/Vivado/2023.2/lib/lnx64.o/libtcl8.5.so(TclEvalObjEx+0x76) [0x7f40e6a35216]
/media/user/data/wz/vhls232/Vivado/2023.2/lib/lnx64.o/librdi_commontasks.so(+0x261fb1) [0x7f40df061fb1]
/media/user/data/wz/vhls232/Vivado/2023.2/lib/lnx64.o/libtcl8.5.so(+0x3356f) [0x7f40e6a3356f]
/media/user/data/wz/vhls232/Vivado/2023.2/lib/lnx64.o/libtcl8.5.so(+0x76945) [0x7f40e6a76945]
/media/user/data/wz/vhls232/Vivado/2023.2/lib/lnx64.o/libtcl8.5.so(TclObjInterpProcCore+0x420) [0x7f40e6ab7ed0]
/media/user/data/wz/vhls232/Vivado/2023.2/lib/lnx64.o/libtcl8.5.so(+0x3356f) [0x7f40e6a3356f]
/media/user/data/wz/vhls232/Vivado/2023.2/lib/lnx64.o/libtcl8.5.so(+0x76945) [0x7f40e6a76945]
/media/user/data/wz/vhls232/Vivado/2023.2/lib/lnx64.o/libtcl8.5.so(+0x7e0f9) [0x7f40e6a7e0f9]
/media/user/data/wz/vhls232/Vivado/2023.2/lib/lnx64.o/libtcl8.5.so(TclEvalObjEx+0x76) [0x7f40e6a35216]
/media/user/data/wz/vhls232/Vivado/2023.2/lib/lnx64.o/libtcl8.5.so(+0x3e824) [0x7f40e6a3e824]
/media/user/data/wz/vhls232/Vivado/2023.2/lib/lnx64.o/libtcl8.5.so(+0x3356f) [0x7f40e6a3356f]
/media/user/data/wz/vhls232/Vivado/2023.2/lib/lnx64.o/libtcl8.5.so(+0x76945) [0x7f40e6a76945]
/media/user/data/wz/vhls232/Vivado/2023.2/lib/lnx64.o/libtcl8.5.so(+0x7e0f9) [0x7f40e6a7e0f9]
/media/user/data/wz/vhls232/Vivado/2023.2/lib/lnx64.o/libtcl8.5.so(TclEvalObjEx+0x76) [0x7f40e6a35216]
/media/user/data/wz/vhls232/Vivado/2023.2/lib/lnx64.o/libtcl8.5.so(+0xb7637) [0x7f40e6ab7637]
/media/user/data/wz/vhls232/Vivado/2023.2/lib/lnx64.o/libtcl8.5.so(+0x3356f) [0x7f40e6a3356f]
/media/user/data/wz/vhls232/Vivado/2023.2/lib/lnx64.o/libtcl8.5.so(+0x76945) [0x7f40e6a76945]
/media/user/data/wz/vhls232/Vivado/2023.2/lib/lnx64.o/libtcl8.5.so(+0x7e0f9) [0x7f40e6a7e0f9]
/media/user/data/wz/vhls232/Vivado/2023.2/lib/lnx64.o/libtcl8.5.so(TclEvalObjEx+0x76) [0x7f40e6a35216]
/media/user/data/wz/vhls232/Vivado/2023.2/lib/lnx64.o/librdi_commontasks.so(+0x261f0e) [0x7f40df061f0e]
/media/user/data/wz/vhls232/Vivado/2023.2/lib/lnx64.o/libtcl8.5.so(+0x3356f) [0x7f40e6a3356f]
/media/user/data/wz/vhls232/Vivado/2023.2/lib/lnx64.o/libtcl8.5.so(+0x34bf8) [0x7f40e6a34bf8]
/media/user/data/wz/vhls232/Vivado/2023.2/lib/lnx64.o/libtcl8.5.so(+0xad566) [0x7f40e6aad566]
/media/user/data/wz/vhls232/Vivado/2023.2/lib/lnx64.o/libtcl8.5.so(+0x34785) [0x7f40e6a34785]
/media/user/data/wz/vhls232/Vivado/2023.2/lib/lnx64.o/libtcl8.5.so(Tcl_EvalEx+0x13) [0x7f40e6a35163]
/media/user/data/wz/vhls232/Vivado/2023.2/lib/lnx64.o/libtcl8.5.so(Tcl_FSEvalFileEx+0x1da) [0x7f40e6a99d2a]
/media/user/data/wz/vhls232/Vivado/2023.2/lib/lnx64.o/librdi_commontasks.so(+0x27e220) [0x7f40df07e220]
/media/user/data/wz/vhls232/Vivado/2023.2/lib/lnx64.o/librdi_common.so(+0xd7d9bf) [0x7f40ec77d9bf]
/media/user/data/wz/vhls232/Vivado/2023.2/lib/lnx64.o/libtcl8.5.so(+0x3356f) [0x7f40e6a3356f]
/media/user/data/wz/vhls232/Vivado/2023.2/lib/lnx64.o/libtcl8.5.so(Tcl_EvalObjv+0x32) [0x7f40e6a336a2]
/media/user/data/wz/vhls232/Vivado/2023.2/lib/lnx64.o/libtcl8.5.so(TclEvalObjEx+0x322) [0x7f40e6a354c2]
/media/user/data/wz/vhls232/Vivado/2023.2/lib/lnx64.o/librdi_common.so(hdi::tcltasks::task_manager::eval_in_tcl(Tcl_Interp*, Tcl_Obj*, char const*, bool)+0x74d) [0x7f40ec77be1d]
/media/user/data/wz/vhls232/Vivado/2023.2/lib/lnx64.o/librdi_designutils.so(HRTInvoker::inProcessLaunch(HDGUIStatus&)+0x310) [0x7f40d4e24380]
/media/user/data/wz/vhls232/Vivado/2023.2/lib/lnx64.o/librdi_designutils.so(HRTInvoker::launch(HDGUIStatus&)+0x33) [0x7f40d4e24933]
/media/user/data/wz/vhls232/Vivado/2023.2/lib/lnx64.o/librdi_vivadotasks.so(+0x70211c) [0x7f40aeb0211c]
/media/user/data/wz/vhls232/Vivado/2023.2/lib/lnx64.o/librdi_vivadotasks.so(+0x70b832) [0x7f40aeb0b832]
/media/user/data/wz/vhls232/Vivado/2023.2/lib/lnx64.o/librdi_common.so(+0xd7d9bf) [0x7f40ec77d9bf]
/media/user/data/wz/vhls232/Vivado/2023.2/lib/lnx64.o/libtcl8.5.so(+0x3356f) [0x7f40e6a3356f]
/media/user/data/wz/vhls232/Vivado/2023.2/lib/lnx64.o/libtcl8.5.so(+0x34bf8) [0x7f40e6a34bf8]
/media/user/data/wz/vhls232/Vivado/2023.2/lib/lnx64.o/libtcl8.5.so(Tcl_EvalEx+0x13) [0x7f40e6a35163]
/media/user/data/wz/vhls232/Vivado/2023.2/lib/lnx64.o/libtcl8.5.so(Tcl_FSEvalFileEx+0x1da) [0x7f40e6a99d2a]
/media/user/data/wz/vhls232/Vivado/2023.2/lib/lnx64.o/librdi_commontasks.so(+0x27e220) [0x7f40df07e220]
/media/user/data/wz/vhls232/Vivado/2023.2/lib/lnx64.o/librdi_common.so(+0xd7d9bf) [0x7f40ec77d9bf]
/media/user/data/wz/vhls232/Vivado/2023.2/lib/lnx64.o/libtcl8.5.so(+0x3356f) [0x7f40e6a3356f]
/media/user/data/wz/vhls232/Vivado/2023.2/lib/lnx64.o/libtcl8.5.so(Tcl_EvalObjv+0x32) [0x7f40e6a336a2]
/media/user/data/wz/vhls232/Vivado/2023.2/lib/lnx64.o/libtcl8.5.so(TclEvalObjEx+0x322) [0x7f40e6a354c2]
/media/user/data/wz/vhls232/Vivado/2023.2/lib/lnx64.o/librdi_commontasks.so(+0x2c5b6d) [0x7f40df0c5b6d]
/media/user/data/wz/vhls232/Vivado/2023.2/lib/lnx64.o/librdi_commontasks.so(+0x2c717f) [0x7f40df0c717f]
/media/user/data/wz/vhls232/Vivado/2023.2/lib/lnx64.o/librdi_common.so(+0xd7d9bf) [0x7f40ec77d9bf]
/media/user/data/wz/vhls232/Vivado/2023.2/lib/lnx64.o/libtcl8.5.so(+0x3356f) [0x7f40e6a3356f]
/media/user/data/wz/vhls232/Vivado/2023.2/lib/lnx64.o/libtcl8.5.so(Tcl_EvalObjv+0x32) [0x7f40e6a336a2]
/media/user/data/wz/vhls232/Vivado/2023.2/lib/lnx64.o/libtcl8.5.so(TclEvalObjEx+0x322) [0x7f40e6a354c2]
/media/user/data/wz/vhls232/Vivado/2023.2/lib/lnx64.o/librdi_commonmain.so(+0xe752) [0x7f40ed489752]
/media/user/data/wz/vhls232/Vivado/2023.2/lib/lnx64.o/libtcl8.5.so(Tcl_Main+0x1d0) [0x7f40e6aa02f0]
/media/user/data/wz/vhls232/Vivado/2023.2/lib/lnx64.o/librdi_common.so(+0xda6f7b) [0x7f40ec7a6f7b]
/lib/x86_64-linux-gnu/libc.so.6(+0x94ac3) [0x7f40eae94ac3]
/lib/x86_64-linux-gnu/libc.so.6(+0x126850) [0x7f40eaf26850]
